The system is: Darwin - 14.5.0 - x86_64
Compiling the C compiler identification source file "CMakeCCompilerId.c" succeeded.
Compiler:  
Build flags: 
Id flags: 

The output was:
0
2016-03-24 08:13:44.915 xcodebuild[11055:754431] [MT] PluginLoading: Required plug-in compatibility UUID F41BD31E-2683-44B8-AE7F-5F09E919790E for plug-in at path '~/Library/Application Support/Developer/Shared/Xcode/Plug-ins/UncrustifyPlugin.xcplugin' not present in DVTPlugInCompatibilityUUIDs
2016-03-24 08:13:44.916 xcodebuild[11055:754431] Failed to load plugin at: /Users/yanai/Library/Application Support/Developer/Shared/Xcode/Plug-ins/UncrustifyPlugin.xcplugin, skipping.  Reason for failure: *** -[__NSPlaceholderDictionary initWithObjects:forKeys:count:]: attempt to insert nil object from objects[0]
=== BUILD TARGET CompilerIdC OF PROJECT CompilerIdC WITH THE DEFAULT CONFIGURATION (Debug) ===

Check dependencies

Write auxiliary files
/bin/mkdir -p /Users/yanai/Desktop/Connection/xcode/CMakeFiles/3.5.0-rc1/CompilerIdC/CompilerIdC.build/Debug/CompilerIdC.build/Objects-normal/x86_64
write-file /Users/yanai/Desktop/Connection/xcode/CMakeFiles/3.5.0-rc1/CompilerIdC/CompilerIdC.build/Debug/CompilerIdC.build/Objects-normal/x86_64/CompilerIdC.LinkFileList
write-file /Users/yanai/Desktop/Connection/xcode/CMakeFiles/3.5.0-rc1/CompilerIdC/CompilerIdC.build/Debug/CompilerIdC.build/Script-2C8FEB8E15DC1A1A00E56A5D.sh
chmod 0755 /Users/yanai/Desktop/Connection/xcode/CMakeFiles/3.5.0-rc1/CompilerIdC/CompilerIdC.build/Debug/CompilerIdC.build/Script-2C8FEB8E15DC1A1A00E56A5D.sh
write-file /Users/yanai/Desktop/Connection/xcode/CMakeFiles/3.5.0-rc1/CompilerIdC/CompilerIdC.build/Debug/CompilerIdC.build/CompilerIdC.hmap

CompileC CompilerIdC.build/Debug/CompilerIdC.build/Objects-normal/x86_64/CMakeCCompilerId.o CMakeCCompilerId.c normal x86_64 c com.apple.compilers.llvm.clang.1_0.compiler
    cd /Users/yanai/Desktop/Connection/xcode/CMakeFiles/3.5.0-rc1/CompilerIdC
    export LANG=en_US.US-ASCII
    /Applications/Xcode.app/Contents/Developer/Toolchains/XcodeDefault.xctoolchain/usr/bin/clang -x c -arch x86_64 -fmessage-length=0 -fdiagnostics-show-note-include-stack -fmacro-backtrace-limit=0 -Wno-trigraphs -fpascal-strings -Os -Wno-missing-field-initializers -Wno-missing-prototypes -Wno-return-type -Wno-missing-braces -Wparentheses -Wswitch -Wno-unused-function -Wno-unused-label -Wno-unused-parameter -Wno-unused-variable -Wunused-value -Wno-empty-body -Wno-uninitialized -Wno-unknown-pragmas -Wno-shadow -Wno-four-char-constants -Wno-conversion -Wno-constant-conversion -Wno-int-conversion -Wno-bool-conversion -Wno-enum-conversion -Wno-shorten-64-to-32 -Wpointer-sign -Wno-newline-eof -isysroot /Applications/Xcode.app/Contents/Developer/Platforms/MacOSX.platform/Developer/SDKs/MacOSX10.11.sdk -fasm-blocks -fstrict-aliasing -Wdeprecated-declarations -mmacosx-version-min=10.10 -g -fvisibility=hidden -Wno-sign-conversion -I/Users/yanai/Desktop/Connection/xcode/CMakeFiles/3.5.0-rc1/CompilerIdC/CompilerIdC.build/Debug/CompilerIdC.build/CompilerIdC.hmap -I/Users/yanai/Desktop/Connection/xcode/CMakeFiles/3.5.0-rc1/CompilerIdC/include -I/Users/yanai/Desktop/Connection/xcode/CMakeFiles/3.5.0-rc1/CompilerIdC/CompilerIdC.build/Debug/CompilerIdC.build/DerivedSources/x86_64 -I/Users/yanai/Desktop/Connection/xcode/CMakeFiles/3.5.0-rc1/CompilerIdC/CompilerIdC.build/Debug/CompilerIdC.build/DerivedSources -F/Users/yanai/Desktop/Connection/xcode/CMakeFiles/3.5.0-rc1/CompilerIdC -MMD -MT dependencies -MF /Users/yanai/Desktop/Connection/xcode/CMakeFiles/3.5.0-rc1/CompilerIdC/CompilerIdC.build/Debug/CompilerIdC.build/Objects-normal/x86_64/CMakeCCompilerId.d --serialize-diagnostics /Users/yanai/Desktop/Connection/xcode/CMakeFiles/3.5.0-rc1/CompilerIdC/CompilerIdC.build/Debug/CompilerIdC.build/Objects-normal/x86_64/CMakeCCompilerId.dia -c /Users/yanai/Desktop/Connection/xcode/CMakeFiles/3.5.0-rc1/CompilerIdC/CMakeCCompilerId.c -o /Users/yanai/Desktop/Connection/xcode/CMakeFiles/3.5.0-rc1/CompilerIdC/CompilerIdC.build/Debug/CompilerIdC.build/Objects-normal/x86_64/CMakeCCompilerId.o

Ld CompilerIdC normal x86_64
    cd /Users/yanai/Desktop/Connection/xcode/CMakeFiles/3.5.0-rc1/CompilerIdC
    export MACOSX_DEPLOYMENT_TARGET=10.10
    /Applications/Xcode.app/Contents/Developer/Toolchains/XcodeDefault.xctoolchain/usr/bin/clang -arch x86_64 -isysroot /Applications/Xcode.app/Contents/Developer/Platforms/MacOSX.platform/Developer/SDKs/MacOSX10.11.sdk -L/Users/yanai/Desktop/Connection/xcode/CMakeFiles/3.5.0-rc1/CompilerIdC -F/Users/yanai/Desktop/Connection/xcode/CMakeFiles/3.5.0-rc1/CompilerIdC -filelist /Users/yanai/Desktop/Connection/xcode/CMakeFiles/3.5.0-rc1/CompilerIdC/CompilerIdC.build/Debug/CompilerIdC.build/Objects-normal/x86_64/CompilerIdC.LinkFileList -mmacosx-version-min=10.10 -Xlinker -dependency_info -Xlinker /Users/yanai/Desktop/Connection/xcode/CMakeFiles/3.5.0-rc1/CompilerIdC/CompilerIdC.build/Debug/CompilerIdC.build/Objects-normal/x86_64/CompilerIdC_dependency_info.dat -o /Users/yanai/Desktop/Connection/xcode/CMakeFiles/3.5.0-rc1/CompilerIdC/CompilerIdC

PhaseScriptExecution Run\ Script CompilerIdC.build/Debug/CompilerIdC.build/Script-2C8FEB8E15DC1A1A00E56A5D.sh
    cd /Users/yanai/Desktop/Connection/xcode/CMakeFiles/3.5.0-rc1/CompilerIdC
    /bin/sh -c /Users/yanai/Desktop/Connection/xcode/CMakeFiles/3.5.0-rc1/CompilerIdC/CompilerIdC.build/Debug/CompilerIdC.build/Script-2C8FEB8E15DC1A1A00E56A5D.sh
GCC_VERSION=com.apple.compilers.llvm.clang.1_0

** BUILD SUCCEEDED **



Compilation of the C compiler identification source "CMakeCCompilerId.c" produced "CompilerIdC"

The C compiler identification is AppleClang, found in "/Users/yanai/Desktop/Connection/xcode/CMakeFiles/3.5.0-rc1/CompilerIdC/CompilerIdC"

Compiling the CXX compiler identification source file "CMakeCXXCompilerId.cpp" succeeded.
Compiler:  
Build flags: 
Id flags: 

The output was:
0
2016-03-24 08:13:47.170 xcodebuild[11069:754575] [MT] PluginLoading: Required plug-in compatibility UUID F41BD31E-2683-44B8-AE7F-5F09E919790E for plug-in at path '~/Library/Application Support/Developer/Shared/Xcode/Plug-ins/UncrustifyPlugin.xcplugin' not present in DVTPlugInCompatibilityUUIDs
2016-03-24 08:13:47.171 xcodebuild[11069:754575] Failed to load plugin at: /Users/yanai/Library/Application Support/Developer/Shared/Xcode/Plug-ins/UncrustifyPlugin.xcplugin, skipping.  Reason for failure: *** -[__NSPlaceholderDictionary initWithObjects:forKeys:count:]: attempt to insert nil object from objects[0]
=== BUILD TARGET CompilerIdCXX OF PROJECT CompilerIdCXX WITH THE DEFAULT CONFIGURATION (Debug) ===

Check dependencies

Write auxiliary files
write-file /Users/yanai/Desktop/Connection/xcode/CMakeFiles/3.5.0-rc1/CompilerIdCXX/CompilerIdCXX.build/Debug/CompilerIdCXX.build/Script-2C8FEB8E15DC1A1A00E56A5D.sh
chmod 0755 /Users/yanai/Desktop/Connection/xcode/CMakeFiles/3.5.0-rc1/CompilerIdCXX/CompilerIdCXX.build/Debug/CompilerIdCXX.build/Script-2C8FEB8E15DC1A1A00E56A5D.sh
write-file /Users/yanai/Desktop/Connection/xcode/CMakeFiles/3.5.0-rc1/CompilerIdCXX/CompilerIdCXX.build/Debug/CompilerIdCXX.build/CompilerIdCXX.hmap
/bin/mkdir -p /Users/yanai/Desktop/Connection/xcode/CMakeFiles/3.5.0-rc1/CompilerIdCXX/CompilerIdCXX.build/Debug/CompilerIdCXX.build/Objects-normal/x86_64
write-file /Users/yanai/Desktop/Connection/xcode/CMakeFiles/3.5.0-rc1/CompilerIdCXX/CompilerIdCXX.build/Debug/CompilerIdCXX.build/Objects-normal/x86_64/CompilerIdCXX.LinkFileList

CompileC CompilerIdCXX.build/Debug/CompilerIdCXX.build/Objects-normal/x86_64/CMakeCXXCompilerId.o CMakeCXXCompilerId.cpp normal x86_64 c++ com.apple.compilers.llvm.clang.1_0.compiler
    cd /Users/yanai/Desktop/Connection/xcode/CMakeFiles/3.5.0-rc1/CompilerIdCXX
    export LANG=en_US.US-ASCII
    /Applications/Xcode.app/Contents/Developer/Toolchains/XcodeDefault.xctoolchain/usr/bin/clang -x c++ -arch x86_64 -fmessage-length=0 -fdiagnostics-show-note-include-stack -fmacro-backtrace-limit=0 -Wno-trigraphs -fpascal-strings -Os -Wno-missing-field-initializers -Wno-missing-prototypes -Wno-return-type -Wno-non-virtual-dtor -Wno-overloaded-virtual -Wno-exit-time-destructors -Wno-missing-braces -Wparentheses -Wswitch -Wno-unused-function -Wno-unused-label -Wno-unused-parameter -Wno-unused-variable -Wunused-value -Wno-empty-body -Wno-uninitialized -Wno-unknown-pragmas -Wno-shadow -Wno-four-char-constants -Wno-conversion -Wno-constant-conversion -Wno-int-conversion -Wno-bool-conversion -Wno-enum-conversion -Wno-shorten-64-to-32 -Wno-newline-eof -Wno-c++11-extensions -isysroot /Applications/Xcode.app/Contents/Developer/Platforms/MacOSX.platform/Developer/SDKs/MacOSX10.11.sdk -fasm-blocks -fstrict-aliasing -Wdeprecated-declarations -Winvalid-offsetof -mmacosx-version-min=10.10 -g -fvisibility=hidden -fvisibility-inlines-hidden -Wno-sign-conversion -I/Users/yanai/Desktop/Connection/xcode/CMakeFiles/3.5.0-rc1/CompilerIdCXX/CompilerIdCXX.build/Debug/CompilerIdCXX.build/CompilerIdCXX.hmap -I/Users/yanai/Desktop/Connection/xcode/CMakeFiles/3.5.0-rc1/CompilerIdCXX/include -I/Users/yanai/Desktop/Connection/xcode/CMakeFiles/3.5.0-rc1/CompilerIdCXX/CompilerIdCXX.build/Debug/CompilerIdCXX.build/DerivedSources/x86_64 -I/Users/yanai/Desktop/Connection/xcode/CMakeFiles/3.5.0-rc1/CompilerIdCXX/CompilerIdCXX.build/Debug/CompilerIdCXX.build/DerivedSources -F/Users/yanai/Desktop/Connection/xcode/CMakeFiles/3.5.0-rc1/CompilerIdCXX -MMD -MT dependencies -MF /Users/yanai/Desktop/Connection/xcode/CMakeFiles/3.5.0-rc1/CompilerIdCXX/CompilerIdCXX.build/Debug/CompilerIdCXX.build/Objects-normal/x86_64/CMakeCXXCompilerId.d --serialize-diagnostics /Users/yanai/Desktop/Connection/xcode/CMakeFiles/3.5.0-rc1/CompilerIdCXX/CompilerIdCXX.build/Debug/CompilerIdCXX.build/Objects-normal/x86_64/CMakeCXXCompilerId.dia -c /Users/yanai/Desktop/Connection/xcode/CMakeFiles/3.5.0-rc1/CompilerIdCXX/CMakeCXXCompilerId.cpp -o /Users/yanai/Desktop/Connection/xcode/CMakeFiles/3.5.0-rc1/CompilerIdCXX/CompilerIdCXX.build/Debug/CompilerIdCXX.build/Objects-normal/x86_64/CMakeCXXCompilerId.o

Ld CompilerIdCXX normal x86_64
    cd /Users/yanai/Desktop/Connection/xcode/CMakeFiles/3.5.0-rc1/CompilerIdCXX
    export MACOSX_DEPLOYMENT_TARGET=10.10
    /Applications/Xcode.app/Contents/Developer/Toolchains/XcodeDefault.xctoolchain/usr/bin/clang++ -arch x86_64 -isysroot /Applications/Xcode.app/Contents/Developer/Platforms/MacOSX.platform/Developer/SDKs/MacOSX10.11.sdk -L/Users/yanai/Desktop/Connection/xcode/CMakeFiles/3.5.0-rc1/CompilerIdCXX -F/Users/yanai/Desktop/Connection/xcode/CMakeFiles/3.5.0-rc1/CompilerIdCXX -filelist /Users/yanai/Desktop/Connection/xcode/CMakeFiles/3.5.0-rc1/CompilerIdCXX/CompilerIdCXX.build/Debug/CompilerIdCXX.build/Objects-normal/x86_64/CompilerIdCXX.LinkFileList -mmacosx-version-min=10.10 -Xlinker -dependency_info -Xlinker /Users/yanai/Desktop/Connection/xcode/CMakeFiles/3.5.0-rc1/CompilerIdCXX/CompilerIdCXX.build/Debug/CompilerIdCXX.build/Objects-normal/x86_64/CompilerIdCXX_dependency_info.dat -o /Users/yanai/Desktop/Connection/xcode/CMakeFiles/3.5.0-rc1/CompilerIdCXX/CompilerIdCXX

PhaseScriptExecution Run\ Script CompilerIdCXX.build/Debug/CompilerIdCXX.build/Script-2C8FEB8E15DC1A1A00E56A5D.sh
    cd /Users/yanai/Desktop/Connection/xcode/CMakeFiles/3.5.0-rc1/CompilerIdCXX
    /bin/sh -c /Users/yanai/Desktop/Connection/xcode/CMakeFiles/3.5.0-rc1/CompilerIdCXX/CompilerIdCXX.build/Debug/CompilerIdCXX.build/Script-2C8FEB8E15DC1A1A00E56A5D.sh
GCC_VERSION=com.apple.compilers.llvm.clang.1_0

** BUILD SUCCEEDED **



Compilation of the CXX compiler identification source "CMakeCXXCompilerId.cpp" produced "CompilerIdCXX"

The CXX compiler identification is AppleClang, found in "/Users/yanai/Desktop/Connection/xcode/CMakeFiles/3.5.0-rc1/CompilerIdCXX/CompilerIdCXX"

Determining if the C compiler works passed with the following output:
Change Dir: /Users/yanai/Desktop/Connection/xcode/CMakeFiles/CMakeTmp

Run Build Command:"/usr/bin/xcodebuild" "-project" "CMAKE_TRY_COMPILE.xcodeproj" "build" "-target" "cmTC_5fb7a" "-configuration" "Debug"
2016-03-24 08:13:47.974 xcodebuild[11086:754623] [MT] PluginLoading: Required plug-in compatibility UUID F41BD31E-2683-44B8-AE7F-5F09E919790E for plug-in at path '~/Library/Application Support/Developer/Shared/Xcode/Plug-ins/UncrustifyPlugin.xcplugin' not present in DVTPlugInCompatibilityUUIDs
2016-03-24 08:13:47.975 xcodebuild[11086:754623] Failed to load plugin at: /Users/yanai/Library/Application Support/Developer/Shared/Xcode/Plug-ins/UncrustifyPlugin.xcplugin, skipping.  Reason for failure: *** -[__NSPlaceholderDictionary initWithObjects:forKeys:count:]: attempt to insert nil object from objects[0]
=== BUILD TARGET cmTC_5fb7a OF PROJECT CMAKE_TRY_COMPILE WITH CONFIGURATION Debug ===

Check dependencies

Write auxiliary files
/bin/mkdir -p /Users/yanai/Desktop/Connection/xcode/CMakeFiles/CMakeTmp/CMAKE_TRY_COMPILE.build/Debug/cmTC_5fb7a.build/Objects-normal/x86_64
write-file /Users/yanai/Desktop/Connection/xcode/CMakeFiles/CMakeTmp/CMAKE_TRY_COMPILE.build/Debug/cmTC_5fb7a.build/Objects-normal/x86_64/cmTC_5fb7a.LinkFileList

CompileC CMAKE_TRY_COMPILE.build/Debug/cmTC_5fb7a.build/Objects-normal/x86_64/testCCompiler.o testCCompiler.c normal x86_64 c com.apple.compilers.llvm.clang.1_0.compiler
    cd /Users/yanai/Desktop/Connection/xcode/CMakeFiles/CMakeTmp
    export LANG=en_US.US-ASCII
    /Applications/Xcode.app/Contents/Developer/Toolchains/XcodeDefault.xctoolchain/usr/bin/clang -x c -arch x86_64 -fmessage-length=0 -fdiagnostics-show-note-include-stack -fmacro-backtrace-limit=0 -Wno-trigraphs -fpascal-strings -O0 -Wno-missing-field-initializers -Wno-missing-prototypes -Wno-return-type -Wno-missing-braces -Wparentheses -Wswitch -Wno-unused-function -Wno-unused-label -Wno-unused-parameter -Wno-unused-variable -Wunused-value -Wno-empty-body -Wno-uninitialized -Wno-unknown-pragmas -Wno-shadow -Wno-four-char-constants -Wno-conversion -Wno-constant-conversion -Wno-int-conversion -Wno-bool-conversion -Wno-enum-conversion -Wno-shorten-64-to-32 -Wpointer-sign -Wno-newline-eof -DCMAKE_INTDIR=\"Debug\" -isysroot /Applications/Xcode.app/Contents/Developer/Platforms/MacOSX.platform/Developer/SDKs/MacOSX10.11.sdk -fasm-blocks -fstrict-aliasing -Wdeprecated-declarations -mmacosx-version-min=10.10 -g -Wno-sign-conversion -I/Users/yanai/Desktop/Connection/xcode/CMakeFiles/CMakeTmp/Debug/include -I/Users/yanai/Desktop/Connection/xcode/CMakeFiles/CMakeTmp/CMAKE_TRY_COMPILE.build/Debug/cmTC_5fb7a.build/DerivedSources/x86_64 -I/Users/yanai/Desktop/Connection/xcode/CMakeFiles/CMakeTmp/CMAKE_TRY_COMPILE.build/Debug/cmTC_5fb7a.build/DerivedSources -Wmost -Wno-four-char-constants -Wno-unknown-pragmas -F/Users/yanai/Desktop/Connection/xcode/CMakeFiles/CMakeTmp/Debug -MMD -MT dependencies -MF /Users/yanai/Desktop/Connection/xcode/CMakeFiles/CMakeTmp/CMAKE_TRY_COMPILE.build/Debug/cmTC_5fb7a.build/Objects-normal/x86_64/testCCompiler.d --serialize-diagnostics /Users/yanai/Desktop/Connection/xcode/CMakeFiles/CMakeTmp/CMAKE_TRY_COMPILE.build/Debug/cmTC_5fb7a.build/Objects-normal/x86_64/testCCompiler.dia -c /Users/yanai/Desktop/Connection/xcode/CMakeFiles/CMakeTmp/testCCompiler.c -o /Users/yanai/Desktop/Connection/xcode/CMakeFiles/CMakeTmp/CMAKE_TRY_COMPILE.build/Debug/cmTC_5fb7a.build/Objects-normal/x86_64/testCCompiler.o

Ld Debug/cmTC_5fb7a normal x86_64
    cd /Users/yanai/Desktop/Connection/xcode/CMakeFiles/CMakeTmp
    export MACOSX_DEPLOYMENT_TARGET=10.10
    /Applications/Xcode.app/Contents/Developer/Toolchains/XcodeDefault.xctoolchain/usr/bin/clang -arch x86_64 -isysroot /Applications/Xcode.app/Contents/Developer/Platforms/MacOSX.platform/Developer/SDKs/MacOSX10.11.sdk -L/Users/yanai/Desktop/Connection/xcode/CMakeFiles/CMakeTmp/Debug -F/Users/yanai/Desktop/Connection/xcode/CMakeFiles/CMakeTmp/Debug -filelist /Users/yanai/Desktop/Connection/xcode/CMakeFiles/CMakeTmp/CMAKE_TRY_COMPILE.build/Debug/cmTC_5fb7a.build/Objects-normal/x86_64/cmTC_5fb7a.LinkFileList -mmacosx-version-min=10.10 -Wl,-search_paths_first -Wl,-headerpad_max_install_names -Xlinker -dependency_info -Xlinker /Users/yanai/Desktop/Connection/xcode/CMakeFiles/CMakeTmp/CMAKE_TRY_COMPILE.build/Debug/cmTC_5fb7a.build/Objects-normal/x86_64/cmTC_5fb7a_dependency_info.dat -o /Users/yanai/Desktop/Connection/xcode/CMakeFiles/CMakeTmp/Debug/cmTC_5fb7a

** BUILD SUCCEEDED **



Detecting C compiler ABI info compiled with the following output:
Change Dir: /Users/yanai/Desktop/Connection/xcode/CMakeFiles/CMakeTmp

Run Build Command:"/usr/bin/xcodebuild" "-project" "CMAKE_TRY_COMPILE.xcodeproj" "build" "-target" "cmTC_bc644" "-configuration" "Debug"
2016-03-24 08:13:48.630 xcodebuild[11102:754671] [MT] PluginLoading: Required plug-in compatibility UUID F41BD31E-2683-44B8-AE7F-5F09E919790E for plug-in at path '~/Library/Application Support/Developer/Shared/Xcode/Plug-ins/UncrustifyPlugin.xcplugin' not present in DVTPlugInCompatibilityUUIDs
2016-03-24 08:13:48.631 xcodebuild[11102:754671] Failed to load plugin at: /Users/yanai/Library/Application Support/Developer/Shared/Xcode/Plug-ins/UncrustifyPlugin.xcplugin, skipping.  Reason for failure: *** -[__NSPlaceholderDictionary initWithObjects:forKeys:count:]: attempt to insert nil object from objects[0]
=== BUILD TARGET cmTC_bc644 OF PROJECT CMAKE_TRY_COMPILE WITH CONFIGURATION Debug ===

Check dependencies

Write auxiliary files
/bin/mkdir -p /Users/yanai/Desktop/Connection/xcode/CMakeFiles/CMakeTmp/CMAKE_TRY_COMPILE.build/Debug/cmTC_bc644.build/Objects-normal/x86_64
write-file /Users/yanai/Desktop/Connection/xcode/CMakeFiles/CMakeTmp/CMAKE_TRY_COMPILE.build/Debug/cmTC_bc644.build/Objects-normal/x86_64/cmTC_bc644.LinkFileList

CompileC CMAKE_TRY_COMPILE.build/Debug/cmTC_bc644.build/Objects-normal/x86_64/CMakeCCompilerABI.o /Applications/CMake.app/Contents/share/cmake-3.5/Modules/CMakeCCompilerABI.c normal x86_64 c com.apple.compilers.llvm.clang.1_0.compiler
    cd /Users/yanai/Desktop/Connection/xcode/CMakeFiles/CMakeTmp
    export LANG=en_US.US-ASCII
    /Applications/Xcode.app/Contents/Developer/Toolchains/XcodeDefault.xctoolchain/usr/bin/clang -x c -arch x86_64 -fmessage-length=0 -fdiagnostics-show-note-include-stack -fmacro-backtrace-limit=0 -Wno-trigraphs -fpascal-strings -O0 -Wno-missing-field-initializers -Wno-missing-prototypes -Wno-return-type -Wno-missing-braces -Wparentheses -Wswitch -Wno-unused-function -Wno-unused-label -Wno-unused-parameter -Wno-unused-variable -Wunused-value -Wno-empty-body -Wno-uninitialized -Wno-unknown-pragmas -Wno-shadow -Wno-four-char-constants -Wno-conversion -Wno-constant-conversion -Wno-int-conversion -Wno-bool-conversion -Wno-enum-conversion -Wno-shorten-64-to-32 -Wpointer-sign -Wno-newline-eof -DCMAKE_INTDIR=\"Debug\" -isysroot /Applications/Xcode.app/Contents/Developer/Platforms/MacOSX.platform/Developer/SDKs/MacOSX10.11.sdk -fasm-blocks -fstrict-aliasing -Wdeprecated-declarations -mmacosx-version-min=10.10 -g -Wno-sign-conversion -I/Users/yanai/Desktop/Connection/xcode/CMakeFiles/CMakeTmp/Debug/include -I/Users/yanai/Desktop/Connection/xcode/CMakeFiles/CMakeTmp/CMAKE_TRY_COMPILE.build/Debug/cmTC_bc644.build/DerivedSources/x86_64 -I/Users/yanai/Desktop/Connection/xcode/CMakeFiles/CMakeTmp/CMAKE_TRY_COMPILE.build/Debug/cmTC_bc644.build/DerivedSources -Wmost -Wno-four-char-constants -Wno-unknown-pragmas -F/Users/yanai/Desktop/Connection/xcode/CMakeFiles/CMakeTmp/Debug -MMD -MT dependencies -MF /Users/yanai/Desktop/Connection/xcode/CMakeFiles/CMakeTmp/CMAKE_TRY_COMPILE.build/Debug/cmTC_bc644.build/Objects-normal/x86_64/CMakeCCompilerABI.d --serialize-diagnostics /Users/yanai/Desktop/Connection/xcode/CMakeFiles/CMakeTmp/CMAKE_TRY_COMPILE.build/Debug/cmTC_bc644.build/Objects-normal/x86_64/CMakeCCompilerABI.dia -c /Applications/CMake.app/Contents/share/cmake-3.5/Modules/CMakeCCompilerABI.c -o /Users/yanai/Desktop/Connection/xcode/CMakeFiles/CMakeTmp/CMAKE_TRY_COMPILE.build/Debug/cmTC_bc644.build/Objects-normal/x86_64/CMakeCCompilerABI.o

Ld Debug/cmTC_bc644 normal x86_64
    cd /Users/yanai/Desktop/Connection/xcode/CMakeFiles/CMakeTmp
    export MACOSX_DEPLOYMENT_TARGET=10.10
    /Applications/Xcode.app/Contents/Developer/Toolchains/XcodeDefault.xctoolchain/usr/bin/clang -arch x86_64 -isysroot /Applications/Xcode.app/Contents/Developer/Platforms/MacOSX.platform/Developer/SDKs/MacOSX10.11.sdk -L/Users/yanai/Desktop/Connection/xcode/CMakeFiles/CMakeTmp/Debug -F/Users/yanai/Desktop/Connection/xcode/CMakeFiles/CMakeTmp/Debug -filelist /Users/yanai/Desktop/Connection/xcode/CMakeFiles/CMakeTmp/CMAKE_TRY_COMPILE.build/Debug/cmTC_bc644.build/Objects-normal/x86_64/cmTC_bc644.LinkFileList -mmacosx-version-min=10.10 -v -Wl,-v -Wl,-search_paths_first -Wl,-headerpad_max_install_names -Xlinker -dependency_info -Xlinker /Users/yanai/Desktop/Connection/xcode/CMakeFiles/CMakeTmp/CMAKE_TRY_COMPILE.build/Debug/cmTC_bc644.build/Objects-normal/x86_64/cmTC_bc644_dependency_info.dat -o /Users/yanai/Desktop/Connection/xcode/CMakeFiles/CMakeTmp/Debug/cmTC_bc644
Apple LLVM version 7.0.2 (clang-700.1.81)
Target: x86_64-apple-darwin14.5.0
Thread model: posix
 "/Applications/Xcode.app/Contents/Developer/Toolchains/XcodeDefault.xctoolchain/usr/bin/ld" -demangle -dynamic -arch x86_64 -macosx_version_min 10.10.0 -syslibroot /Applications/Xcode.app/Contents/Developer/Platforms/MacOSX.platform/Developer/SDKs/MacOSX10.11.sdk -o /Users/yanai/Desktop/Connection/xcode/CMakeFiles/CMakeTmp/Debug/cmTC_bc644 -L/Users/yanai/Desktop/Connection/xcode/CMakeFiles/CMakeTmp/Debug -filelist /Users/yanai/Desktop/Connection/xcode/CMakeFiles/CMakeTmp/CMAKE_TRY_COMPILE.build/Debug/cmTC_bc644.build/Objects-normal/x86_64/cmTC_bc644.LinkFileList -v -search_paths_first -headerpad_max_install_names -dependency_info /Users/yanai/Desktop/Connection/xcode/CMakeFiles/CMakeTmp/CMAKE_TRY_COMPILE.build/Debug/cmTC_bc644.build/Objects-normal/x86_64/cmTC_bc644_dependency_info.dat -lSystem /Applications/Xcode.app/Contents/Developer/Toolchains/XcodeDefault.xctoolchain/usr/bin/../lib/clang/7.0.2/lib/darwin/libclang_rt.osx.a -F/Users/yanai/Desktop/Connection/xcode/CMakeFiles/CMakeTmp/Debug
@(#)PROGRAM:ld  PROJECT:ld64-253.9
configured to support archs: armv6 armv7 armv7s arm64 i386 x86_64 x86_64h armv6m armv7k armv7m armv7em (tvOS)
Library search paths:
	/Users/yanai/Desktop/Connection/xcode/CMakeFiles/CMakeTmp/Debug
	/Applications/Xcode.app/Contents/Developer/Platforms/MacOSX.platform/Developer/SDKs/MacOSX10.11.sdk/usr/lib
Framework search paths:
	/Users/yanai/Desktop/Connection/xcode/CMakeFiles/CMakeTmp/Debug
	/Applications/Xcode.app/Contents/Developer/Platforms/MacOSX.platform/Developer/SDKs/MacOSX10.11.sdk/System/Library/Frameworks/

** BUILD SUCCEEDED **



Parsed C implicit link information from above output:
  link line regex: [^( *|.*[/\])(ld|([^/\]+-)?ld|collect2)[^/\]*( |$)]
  ignore line: [Change Dir: /Users/yanai/Desktop/Connection/xcode/CMakeFiles/CMakeTmp]
  ignore line: []
  ignore line: [Run Build Command:"/usr/bin/xcodebuild" "-project" "CMAKE_TRY_COMPILE.xcodeproj" "build" "-target" "cmTC_bc644" "-configuration" "Debug"]
  ignore line: [2016-03-24 08:13:48.630 xcodebuild[11102:754671] [MT] PluginLoading: Required plug-in compatibility UUID F41BD31E-2683-44B8-AE7F-5F09E919790E for plug-in at path '~/Library/Application Support/Developer/Shared/Xcode/Plug-ins/UncrustifyPlugin.xcplugin' not present in DVTPlugInCompatibilityUUIDs]
  ignore line: [2016-03-24 08:13:48.631 xcodebuild[11102:754671] Failed to load plugin at: /Users/yanai/Library/Application Support/Developer/Shared/Xcode/Plug-ins/UncrustifyPlugin.xcplugin, skipping.  Reason for failure: *** -[__NSPlaceholderDictionary initWithObjects:forKeys:count:]: attempt to insert nil object from objects[0]]
  ignore line: [=== BUILD TARGET cmTC_bc644 OF PROJECT CMAKE_TRY_COMPILE WITH CONFIGURATION Debug ===]
  ignore line: []
  ignore line: [Check dependencies]
  ignore line: []
  ignore line: [Write auxiliary files]
  ignore line: [/bin/mkdir -p /Users/yanai/Desktop/Connection/xcode/CMakeFiles/CMakeTmp/CMAKE_TRY_COMPILE.build/Debug/cmTC_bc644.build/Objects-normal/x86_64]
  ignore line: [write-file /Users/yanai/Desktop/Connection/xcode/CMakeFiles/CMakeTmp/CMAKE_TRY_COMPILE.build/Debug/cmTC_bc644.build/Objects-normal/x86_64/cmTC_bc644.LinkFileList]
  ignore line: []
  ignore line: [CompileC CMAKE_TRY_COMPILE.build/Debug/cmTC_bc644.build/Objects-normal/x86_64/CMakeCCompilerABI.o /Applications/CMake.app/Contents/share/cmake-3.5/Modules/CMakeCCompilerABI.c normal x86_64 c com.apple.compilers.llvm.clang.1_0.compiler]
  ignore line: [    cd /Users/yanai/Desktop/Connection/xcode/CMakeFiles/CMakeTmp]
  ignore line: [    export LANG=en_US.US-ASCII]
  ignore line: [    /Applications/Xcode.app/Contents/Developer/Toolchains/XcodeDefault.xctoolchain/usr/bin/clang -x c -arch x86_64 -fmessage-length=0 -fdiagnostics-show-note-include-stack -fmacro-backtrace-limit=0 -Wno-trigraphs -fpascal-strings -O0 -Wno-missing-field-initializers -Wno-missing-prototypes -Wno-return-type -Wno-missing-braces -Wparentheses -Wswitch -Wno-unused-function -Wno-unused-label -Wno-unused-parameter -Wno-unused-variable -Wunused-value -Wno-empty-body -Wno-uninitialized -Wno-unknown-pragmas -Wno-shadow -Wno-four-char-constants -Wno-conversion -Wno-constant-conversion -Wno-int-conversion -Wno-bool-conversion -Wno-enum-conversion -Wno-shorten-64-to-32 -Wpointer-sign -Wno-newline-eof -DCMAKE_INTDIR=\"Debug\" -isysroot /Applications/Xcode.app/Contents/Developer/Platforms/MacOSX.platform/Developer/SDKs/MacOSX10.11.sdk -fasm-blocks -fstrict-aliasing -Wdeprecated-declarations -mmacosx-version-min=10.10 -g -Wno-sign-conversion -I/Users/yanai/Desktop/Connection/xcode/CMakeFiles/CMakeTmp/Debug/include -I/Users/yanai/Desktop/Connection/xcode/CMakeFiles/CMakeTmp/CMAKE_TRY_COMPILE.build/Debug/cmTC_bc644.build/DerivedSources/x86_64 -I/Users/yanai/Desktop/Connection/xcode/CMakeFiles/CMakeTmp/CMAKE_TRY_COMPILE.build/Debug/cmTC_bc644.build/DerivedSources -Wmost -Wno-four-char-constants -Wno-unknown-pragmas -F/Users/yanai/Desktop/Connection/xcode/CMakeFiles/CMakeTmp/Debug -MMD -MT dependencies -MF /Users/yanai/Desktop/Connection/xcode/CMakeFiles/CMakeTmp/CMAKE_TRY_COMPILE.build/Debug/cmTC_bc644.build/Objects-normal/x86_64/CMakeCCompilerABI.d --serialize-diagnostics /Users/yanai/Desktop/Connection/xcode/CMakeFiles/CMakeTmp/CMAKE_TRY_COMPILE.build/Debug/cmTC_bc644.build/Objects-normal/x86_64/CMakeCCompilerABI.dia -c /Applications/CMake.app/Contents/share/cmake-3.5/Modules/CMakeCCompilerABI.c -o /Users/yanai/Desktop/Connection/xcode/CMakeFiles/CMakeTmp/CMAKE_TRY_COMPILE.build/Debug/cmTC_bc644.build/Objects-normal/x86_64/CMakeCCompilerABI.o]
  ignore line: []
  ignore line: [Ld Debug/cmTC_bc644 normal x86_64]
  ignore line: [    cd /Users/yanai/Desktop/Connection/xcode/CMakeFiles/CMakeTmp]
  ignore line: [    export MACOSX_DEPLOYMENT_TARGET=10.10]
  ignore line: [    /Applications/Xcode.app/Contents/Developer/Toolchains/XcodeDefault.xctoolchain/usr/bin/clang -arch x86_64 -isysroot /Applications/Xcode.app/Contents/Developer/Platforms/MacOSX.platform/Developer/SDKs/MacOSX10.11.sdk -L/Users/yanai/Desktop/Connection/xcode/CMakeFiles/CMakeTmp/Debug -F/Users/yanai/Desktop/Connection/xcode/CMakeFiles/CMakeTmp/Debug -filelist /Users/yanai/Desktop/Connection/xcode/CMakeFiles/CMakeTmp/CMAKE_TRY_COMPILE.build/Debug/cmTC_bc644.build/Objects-normal/x86_64/cmTC_bc644.LinkFileList -mmacosx-version-min=10.10 -v -Wl,-v -Wl,-search_paths_first -Wl,-headerpad_max_install_names -Xlinker -dependency_info -Xlinker /Users/yanai/Desktop/Connection/xcode/CMakeFiles/CMakeTmp/CMAKE_TRY_COMPILE.build/Debug/cmTC_bc644.build/Objects-normal/x86_64/cmTC_bc644_dependency_info.dat -o /Users/yanai/Desktop/Connection/xcode/CMakeFiles/CMakeTmp/Debug/cmTC_bc644]
  ignore line: [Apple LLVM version 7.0.2 (clang-700.1.81)]
  ignore line: [Target: x86_64-apple-darwin14.5.0]
  ignore line: [Thread model: posix]
  reduced line: [ "/Applications/Xcode.app/Contents/Developer/Toolchains/XcodeDefault.xctoolchain/usr/bin/ld" -demangle -dynamic -arch x86_64 -macosx_version_min 10.10.0 -syslibroot /Applications/Xcode.app/Contents/Developer/Platforms/MacOSX.platform/Developer/SDKs/MacOSX10.11.sdk -o /Users/yanai/Desktop/Connection/xcode/CMakeFiles/CMakeTmp/Debug/cmTC_bc644 -L/Users/yanai/Desktop/Connection/xcode/CMakeFiles/CMakeTmp/Debug -filelist /Users/yanai/Desktop/Connection/xcode/CMakeFiles/CMakeTmp/CMAKE_TRY_COMPILE.build/Debug/cmTC_bc644.build/Objects-normal/x86_64/cmTC_bc644.LinkFileList -v -search_paths_first -headerpad_max_install_names -dependency_info /Users/yanai/Desktop/Connection/xcode/CMakeFiles/CMakeTmp/CMAKE_TRY_COMPILE.build/Debug/cmTC_bc644.build/Objects-normal/x86_64/cmTC_bc644_dependency_info.dat -lSystem /Applications/Xcode.app/Contents/Developer/Toolchains/XcodeDefault.xctoolchain/usr/bin/../lib/clang/7.0.2/lib/darwin/libclang_rt.osx.a -F/Users/yanai/Desktop/Connection/xcode/CMakeFiles/CMakeTmp/Debug]
            to: [ "/Applications/Xcode.app/Contents/Developer/Toolchains/XcodeDefault.xctoolchain/usr/bin/ld" -demangle -dynamic -arch x86_64 -macosx_version_min 10.10.0 -syslibroot /Applications/Xcode.app/Contents/Developer/Platforms/MacOSX.platform/Developer/SDKs/MacOSX10.11.sdk -o /Users/yanai/Desktop/Connection/xcode/CMakeFiles/CMakeTmp/Debug/cmTC_bc644 -filelist /Users/yanai/Desktop/Connection/xcode/CMakeFiles/CMakeTmp/CMAKE_TRY_COMPILE.build/Debug/cmTC_bc644.build/Objects-normal/x86_64/cmTC_bc644.LinkFileList -v -search_paths_first -headerpad_max_install_names -dependency_info /Users/yanai/Desktop/Connection/xcode/CMakeFiles/CMakeTmp/CMAKE_TRY_COMPILE.build/Debug/cmTC_bc644.build/Objects-normal/x86_64/cmTC_bc644_dependency_info.dat -lSystem /Applications/Xcode.app/Contents/Developer/Toolchains/XcodeDefault.xctoolchain/usr/bin/../lib/clang/7.0.2/lib/darwin/libclang_rt.osx.a ]
  link line: [ "/Applications/Xcode.app/Contents/Developer/Toolchains/XcodeDefault.xctoolchain/usr/bin/ld" -demangle -dynamic -arch x86_64 -macosx_version_min 10.10.0 -syslibroot /Applications/Xcode.app/Contents/Developer/Platforms/MacOSX.platform/Developer/SDKs/MacOSX10.11.sdk -o /Users/yanai/Desktop/Connection/xcode/CMakeFiles/CMakeTmp/Debug/cmTC_bc644 -filelist /Users/yanai/Desktop/Connection/xcode/CMakeFiles/CMakeTmp/CMAKE_TRY_COMPILE.build/Debug/cmTC_bc644.build/Objects-normal/x86_64/cmTC_bc644.LinkFileList -v -search_paths_first -headerpad_max_install_names -dependency_info /Users/yanai/Desktop/Connection/xcode/CMakeFiles/CMakeTmp/CMAKE_TRY_COMPILE.build/Debug/cmTC_bc644.build/Objects-normal/x86_64/cmTC_bc644_dependency_info.dat -lSystem /Applications/Xcode.app/Contents/Developer/Toolchains/XcodeDefault.xctoolchain/usr/bin/../lib/clang/7.0.2/lib/darwin/libclang_rt.osx.a ]
    arg [/Applications/Xcode.app/Contents/Developer/Toolchains/XcodeDefault.xctoolchain/usr/bin/ld] ==> ignore
    arg [-demangle] ==> ignore
    arg [-dynamic] ==> ignore
    arg [-arch] ==> ignore
    arg [x86_64] ==> ignore
    arg [-macosx_version_min] ==> ignore
    arg [10.10.0] ==> ignore
    arg [-syslibroot] ==> ignore
    arg [/Applications/Xcode.app/Contents/Developer/Platforms/MacOSX.platform/Developer/SDKs/MacOSX10.11.sdk] ==> ignore
    arg [-o] ==> ignore
    arg [/Users/yanai/Desktop/Connection/xcode/CMakeFiles/CMakeTmp/Debug/cmTC_bc644] ==> ignore
    arg [-filelist] ==> ignore
    arg [/Users/yanai/Desktop/Connection/xcode/CMakeFiles/CMakeTmp/CMAKE_TRY_COMPILE.build/Debug/cmTC_bc644.build/Objects-normal/x86_64/cmTC_bc644.LinkFileList] ==> ignore
    arg [-v] ==> ignore
    arg [-search_paths_first] ==> ignore
    arg [-headerpad_max_install_names] ==> ignore
    arg [-dependency_info] ==> ignore
    arg [/Users/yanai/Desktop/Connection/xcode/CMakeFiles/CMakeTmp/CMAKE_TRY_COMPILE.build/Debug/cmTC_bc644.build/Objects-normal/x86_64/cmTC_bc644_dependency_info.dat] ==> ignore
    arg [-lSystem] ==> lib [System]
    arg [/Applications/Xcode.app/Contents/Developer/Toolchains/XcodeDefault.xctoolchain/usr/bin/../lib/clang/7.0.2/lib/darwin/libclang_rt.osx.a] ==> lib [/Applications/Xcode.app/Contents/Developer/Toolchains/XcodeDefault.xctoolchain/usr/bin/../lib/clang/7.0.2/lib/darwin/libclang_rt.osx.a]
  Library search paths: [;/Users/yanai/Desktop/Connection/xcode/CMakeFiles/CMakeTmp/Debug;/Applications/Xcode.app/Contents/Developer/Platforms/MacOSX.platform/Developer/SDKs/MacOSX10.11.sdk/usr/lib]
  Framework search paths: [;/Users/yanai/Desktop/Connection/xcode/CMakeFiles/CMakeTmp/Debug;/Applications/Xcode.app/Contents/Developer/Platforms/MacOSX.platform/Developer/SDKs/MacOSX10.11.sdk/System/Library/Frameworks/]
  remove lib [System]
  collapse lib [/Applications/Xcode.app/Contents/Developer/Toolchains/XcodeDefault.xctoolchain/usr/bin/../lib/clang/7.0.2/lib/darwin/libclang_rt.osx.a] ==> [/Applications/Xcode.app/Contents/Developer/Toolchains/XcodeDefault.xctoolchain/usr/lib/clang/7.0.2/lib/darwin/libclang_rt.osx.a]
  collapse library dir [/Users/yanai/Desktop/Connection/xcode/CMakeFiles/CMakeTmp/Debug] ==> [/Users/yanai/Desktop/Connection/xcode/CMakeFiles/CMakeTmp/Debug], skipping non-system directory
  collapse library dir [/Applications/Xcode.app/Contents/Developer/Platforms/MacOSX.platform/Developer/SDKs/MacOSX10.11.sdk/usr/lib] ==> [/Applications/Xcode.app/Contents/Developer/Platforms/MacOSX.platform/Developer/SDKs/MacOSX10.11.sdk/usr/lib]
  collapse framework dir [/Users/yanai/Desktop/Connection/xcode/CMakeFiles/CMakeTmp/Debug] ==> [/Users/yanai/Desktop/Connection/xcode/CMakeFiles/CMakeTmp/Debug], skipping non-system directory
  collapse framework dir [/Applications/Xcode.app/Contents/Developer/Platforms/MacOSX.platform/Developer/SDKs/MacOSX10.11.sdk/System/Library/Frameworks/] ==> [/Applications/Xcode.app/Contents/Developer/Platforms/MacOSX.platform/Developer/SDKs/MacOSX10.11.sdk/System/Library/Frameworks]
  implicit libs: [/Applications/Xcode.app/Contents/Developer/Toolchains/XcodeDefault.xctoolchain/usr/lib/clang/7.0.2/lib/darwin/libclang_rt.osx.a]
  implicit dirs: [/Applications/Xcode.app/Contents/Developer/Platforms/MacOSX.platform/Developer/SDKs/MacOSX10.11.sdk/usr/lib]
  implicit fwks: [/Applications/Xcode.app/Contents/Developer/Platforms/MacOSX.platform/Developer/SDKs/MacOSX10.11.sdk/System/Library/Frameworks]




Detecting C [-std=c11] compiler features compiled with the following output:
Change Dir: /Users/yanai/Desktop/Connection/xcode/CMakeFiles/CMakeTmp

Run Build Command:"/usr/bin/xcodebuild" "-project" "CMAKE_TRY_COMPILE.xcodeproj" "build" "-target" "cmTC_59e4d" "-configuration" "Debug"
2016-03-24 08:13:49.297 xcodebuild[11119:754722] [MT] PluginLoading: Required plug-in compatibility UUID F41BD31E-2683-44B8-AE7F-5F09E919790E for plug-in at path '~/Library/Application Support/Developer/Shared/Xcode/Plug-ins/UncrustifyPlugin.xcplugin' not present in DVTPlugInCompatibilityUUIDs
2016-03-24 08:13:49.298 xcodebuild[11119:754722] Failed to load plugin at: /Users/yanai/Library/Application Support/Developer/Shared/Xcode/Plug-ins/UncrustifyPlugin.xcplugin, skipping.  Reason for failure: *** -[__NSPlaceholderDictionary initWithObjects:forKeys:count:]: attempt to insert nil object from objects[0]
=== BUILD TARGET cmTC_59e4d OF PROJECT CMAKE_TRY_COMPILE WITH CONFIGURATION Debug ===

Check dependencies

Write auxiliary files
/bin/mkdir -p /Users/yanai/Desktop/Connection/xcode/CMakeFiles/CMakeTmp/CMAKE_TRY_COMPILE.build/Debug/cmTC_59e4d.build/Objects-normal/x86_64
write-file /Users/yanai/Desktop/Connection/xcode/CMakeFiles/CMakeTmp/CMAKE_TRY_COMPILE.build/Debug/cmTC_59e4d.build/Objects-normal/x86_64/cmTC_59e4d.LinkFileList

CompileC CMAKE_TRY_COMPILE.build/Debug/cmTC_59e4d.build/Objects-normal/x86_64/feature_tests.o /Users/yanai/Desktop/Connection/xcode/CMakeFiles/feature_tests.c normal x86_64 c com.apple.compilers.llvm.clang.1_0.compiler
    cd /Users/yanai/Desktop/Connection/xcode/CMakeFiles/CMakeTmp
    export LANG=en_US.US-ASCII
    /Applications/Xcode.app/Contents/Developer/Toolchains/XcodeDefault.xctoolchain/usr/bin/clang -x c -arch x86_64 -fmessage-length=0 -fdiagnostics-show-note-include-stack -fmacro-backtrace-limit=0 -Wno-trigraphs -fpascal-strings -O0 -Wno-missing-field-initializers -Wno-missing-prototypes -Wno-return-type -Wno-missing-braces -Wparentheses -Wswitch -Wno-unused-function -Wno-unused-label -Wno-unused-parameter -Wno-unused-variable -Wunused-value -Wno-empty-body -Wno-uninitialized -Wno-unknown-pragmas -Wno-shadow -Wno-four-char-constants -Wno-conversion -Wno-constant-conversion -Wno-int-conversion -Wno-bool-conversion -Wno-enum-conversion -Wno-shorten-64-to-32 -Wpointer-sign -Wno-newline-eof -DCMAKE_INTDIR=\"Debug\" -isysroot /Applications/Xcode.app/Contents/Developer/Platforms/MacOSX.platform/Developer/SDKs/MacOSX10.11.sdk -fasm-blocks -fstrict-aliasing -Wdeprecated-declarations -mmacosx-version-min=10.10 -g -Wno-sign-conversion -I/Users/yanai/Desktop/Connection/xcode/CMakeFiles/CMakeTmp/Debug/include -I/Users/yanai/Desktop/Connection/xcode/CMakeFiles/CMakeTmp/CMAKE_TRY_COMPILE.build/Debug/cmTC_59e4d.build/DerivedSources/x86_64 -I/Users/yanai/Desktop/Connection/xcode/CMakeFiles/CMakeTmp/CMAKE_TRY_COMPILE.build/Debug/cmTC_59e4d.build/DerivedSources -Wmost -Wno-four-char-constants -Wno-unknown-pragmas -F/Users/yanai/Desktop/Connection/xcode/CMakeFiles/CMakeTmp/Debug -std=c11 -MMD -MT dependencies -MF /Users/yanai/Desktop/Connection/xcode/CMakeFiles/CMakeTmp/CMAKE_TRY_COMPILE.build/Debug/cmTC_59e4d.build/Objects-normal/x86_64/feature_tests.d --serialize-diagnostics /Users/yanai/Desktop/Connection/xcode/CMakeFiles/CMakeTmp/CMAKE_TRY_COMPILE.build/Debug/cmTC_59e4d.build/Objects-normal/x86_64/feature_tests.dia -c /Users/yanai/Desktop/Connection/xcode/CMakeFiles/feature_tests.c -o /Users/yanai/Desktop/Connection/xcode/CMakeFiles/CMakeTmp/CMAKE_TRY_COMPILE.build/Debug/cmTC_59e4d.build/Objects-normal/x86_64/feature_tests.o

Ld Debug/cmTC_59e4d normal x86_64
    cd /Users/yanai/Desktop/Connection/xcode/CMakeFiles/CMakeTmp
    export MACOSX_DEPLOYMENT_TARGET=10.10
    /Applications/Xcode.app/Contents/Developer/Toolchains/XcodeDefault.xctoolchain/usr/bin/clang -arch x86_64 -isysroot /Applications/Xcode.app/Contents/Developer/Platforms/MacOSX.platform/Developer/SDKs/MacOSX10.11.sdk -L/Users/yanai/Desktop/Connection/xcode/CMakeFiles/CMakeTmp/Debug -F/Users/yanai/Desktop/Connection/xcode/CMakeFiles/CMakeTmp/Debug -filelist /Users/yanai/Desktop/Connection/xcode/CMakeFiles/CMakeTmp/CMAKE_TRY_COMPILE.build/Debug/cmTC_59e4d.build/Objects-normal/x86_64/cmTC_59e4d.LinkFileList -mmacosx-version-min=10.10 -Wl,-search_paths_first -Wl,-headerpad_max_install_names -Xlinker -dependency_info -Xlinker /Users/yanai/Desktop/Connection/xcode/CMakeFiles/CMakeTmp/CMAKE_TRY_COMPILE.build/Debug/cmTC_59e4d.build/Objects-normal/x86_64/cmTC_59e4d_dependency_info.dat -o /Users/yanai/Desktop/Connection/xcode/CMakeFiles/CMakeTmp/Debug/cmTC_59e4d

** BUILD SUCCEEDED **



    Feature record: C_FEATURE:1c_function_prototypes
    Feature record: C_FEATURE:1c_restrict
    Feature record: C_FEATURE:1c_static_assert
    Feature record: C_FEATURE:1c_variadic_macros


Detecting C [-std=c99] compiler features compiled with the following output:
Change Dir: /Users/yanai/Desktop/Connection/xcode/CMakeFiles/CMakeTmp

Run Build Command:"/usr/bin/xcodebuild" "-project" "CMAKE_TRY_COMPILE.xcodeproj" "build" "-target" "cmTC_96b01" "-configuration" "Debug"
2016-03-24 08:13:49.945 xcodebuild[11135:754771] [MT] PluginLoading: Required plug-in compatibility UUID F41BD31E-2683-44B8-AE7F-5F09E919790E for plug-in at path '~/Library/Application Support/Developer/Shared/Xcode/Plug-ins/UncrustifyPlugin.xcplugin' not present in DVTPlugInCompatibilityUUIDs
2016-03-24 08:13:49.946 xcodebuild[11135:754771] Failed to load plugin at: /Users/yanai/Library/Application Support/Developer/Shared/Xcode/Plug-ins/UncrustifyPlugin.xcplugin, skipping.  Reason for failure: *** -[__NSPlaceholderDictionary initWithObjects:forKeys:count:]: attempt to insert nil object from objects[0]
=== BUILD TARGET cmTC_96b01 OF PROJECT CMAKE_TRY_COMPILE WITH CONFIGURATION Debug ===

Check dependencies

Write auxiliary files
/bin/mkdir -p /Users/yanai/Desktop/Connection/xcode/CMakeFiles/CMakeTmp/CMAKE_TRY_COMPILE.build/Debug/cmTC_96b01.build/Objects-normal/x86_64
write-file /Users/yanai/Desktop/Connection/xcode/CMakeFiles/CMakeTmp/CMAKE_TRY_COMPILE.build/Debug/cmTC_96b01.build/Objects-normal/x86_64/cmTC_96b01.LinkFileList

CompileC CMAKE_TRY_COMPILE.build/Debug/cmTC_96b01.build/Objects-normal/x86_64/feature_tests.o /Users/yanai/Desktop/Connection/xcode/CMakeFiles/feature_tests.c normal x86_64 c com.apple.compilers.llvm.clang.1_0.compiler
    cd /Users/yanai/Desktop/Connection/xcode/CMakeFiles/CMakeTmp
    export LANG=en_US.US-ASCII
    /Applications/Xcode.app/Contents/Developer/Toolchains/XcodeDefault.xctoolchain/usr/bin/clang -x c -arch x86_64 -fmessage-length=0 -fdiagnostics-show-note-include-stack -fmacro-backtrace-limit=0 -Wno-trigraphs -fpascal-strings -O0 -Wno-missing-field-initializers -Wno-missing-prototypes -Wno-return-type -Wno-missing-braces -Wparentheses -Wswitch -Wno-unused-function -Wno-unused-label -Wno-unused-parameter -Wno-unused-variable -Wunused-value -Wno-empty-body -Wno-uninitialized -Wno-unknown-pragmas -Wno-shadow -Wno-four-char-constants -Wno-conversion -Wno-constant-conversion -Wno-int-conversion -Wno-bool-conversion -Wno-enum-conversion -Wno-shorten-64-to-32 -Wpointer-sign -Wno-newline-eof -DCMAKE_INTDIR=\"Debug\" -isysroot /Applications/Xcode.app/Contents/Developer/Platforms/MacOSX.platform/Developer/SDKs/MacOSX10.11.sdk -fasm-blocks -fstrict-aliasing -Wdeprecated-declarations -mmacosx-version-min=10.10 -g -Wno-sign-conversion -I/Users/yanai/Desktop/Connection/xcode/CMakeFiles/CMakeTmp/Debug/include -I/Users/yanai/Desktop/Connection/xcode/CMakeFiles/CMakeTmp/CMAKE_TRY_COMPILE.build/Debug/cmTC_96b01.build/DerivedSources/x86_64 -I/Users/yanai/Desktop/Connection/xcode/CMakeFiles/CMakeTmp/CMAKE_TRY_COMPILE.build/Debug/cmTC_96b01.build/DerivedSources -Wmost -Wno-four-char-constants -Wno-unknown-pragmas -F/Users/yanai/Desktop/Connection/xcode/CMakeFiles/CMakeTmp/Debug -std=c99 -MMD -MT dependencies -MF /Users/yanai/Desktop/Connection/xcode/CMakeFiles/CMakeTmp/CMAKE_TRY_COMPILE.build/Debug/cmTC_96b01.build/Objects-normal/x86_64/feature_tests.d --serialize-diagnostics /Users/yanai/Desktop/Connection/xcode/CMakeFiles/CMakeTmp/CMAKE_TRY_COMPILE.build/Debug/cmTC_96b01.build/Objects-normal/x86_64/feature_tests.dia -c /Users/yanai/Desktop/Connection/xcode/CMakeFiles/feature_tests.c -o /Users/yanai/Desktop/Connection/xcode/CMakeFiles/CMakeTmp/CMAKE_TRY_COMPILE.build/Debug/cmTC_96b01.build/Objects-normal/x86_64/feature_tests.o

Ld Debug/cmTC_96b01 normal x86_64
    cd /Users/yanai/Desktop/Connection/xcode/CMakeFiles/CMakeTmp
    export MACOSX_DEPLOYMENT_TARGET=10.10
    /Applications/Xcode.app/Contents/Developer/Toolchains/XcodeDefault.xctoolchain/usr/bin/clang -arch x86_64 -isysroot /Applications/Xcode.app/Contents/Developer/Platforms/MacOSX.platform/Developer/SDKs/MacOSX10.11.sdk -L/Users/yanai/Desktop/Connection/xcode/CMakeFiles/CMakeTmp/Debug -F/Users/yanai/Desktop/Connection/xcode/CMakeFiles/CMakeTmp/Debug -filelist /Users/yanai/Desktop/Connection/xcode/CMakeFiles/CMakeTmp/CMAKE_TRY_COMPILE.build/Debug/cmTC_96b01.build/Objects-normal/x86_64/cmTC_96b01.LinkFileList -mmacosx-version-min=10.10 -Wl,-search_paths_first -Wl,-headerpad_max_install_names -Xlinker -dependency_info -Xlinker /Users/yanai/Desktop/Connection/xcode/CMakeFiles/CMakeTmp/CMAKE_TRY_COMPILE.build/Debug/cmTC_96b01.build/Objects-normal/x86_64/cmTC_96b01_dependency_info.dat -o /Users/yanai/Desktop/Connection/xcode/CMakeFiles/CMakeTmp/Debug/cmTC_96b01

** BUILD SUCCEEDED **



    Feature record: C_FEATURE:1c_function_prototypes
    Feature record: C_FEATURE:1c_restrict
    Feature record: C_FEATURE:0c_static_assert
    Feature record: C_FEATURE:1c_variadic_macros


Detecting C [-std=c90] compiler features compiled with the following output:
Change Dir: /Users/yanai/Desktop/Connection/xcode/CMakeFiles/CMakeTmp

Run Build Command:"/usr/bin/xcodebuild" "-project" "CMAKE_TRY_COMPILE.xcodeproj" "build" "-target" "cmTC_47daa" "-configuration" "Debug"
2016-03-24 08:13:50.596 xcodebuild[11151:754820] [MT] PluginLoading: Required plug-in compatibility UUID F41BD31E-2683-44B8-AE7F-5F09E919790E for plug-in at path '~/Library/Application Support/Developer/Shared/Xcode/Plug-ins/UncrustifyPlugin.xcplugin' not present in DVTPlugInCompatibilityUUIDs
2016-03-24 08:13:50.597 xcodebuild[11151:754820] Failed to load plugin at: /Users/yanai/Library/Application Support/Developer/Shared/Xcode/Plug-ins/UncrustifyPlugin.xcplugin, skipping.  Reason for failure: *** -[__NSPlaceholderDictionary initWithObjects:forKeys:count:]: attempt to insert nil object from objects[0]
=== BUILD TARGET cmTC_47daa OF PROJECT CMAKE_TRY_COMPILE WITH CONFIGURATION Debug ===

Check dependencies

Write auxiliary files
/bin/mkdir -p /Users/yanai/Desktop/Connection/xcode/CMakeFiles/CMakeTmp/CMAKE_TRY_COMPILE.build/Debug/cmTC_47daa.build/Objects-normal/x86_64
write-file /Users/yanai/Desktop/Connection/xcode/CMakeFiles/CMakeTmp/CMAKE_TRY_COMPILE.build/Debug/cmTC_47daa.build/Objects-normal/x86_64/cmTC_47daa.LinkFileList

CompileC CMAKE_TRY_COMPILE.build/Debug/cmTC_47daa.build/Objects-normal/x86_64/feature_tests.o /Users/yanai/Desktop/Connection/xcode/CMakeFiles/feature_tests.c normal x86_64 c com.apple.compilers.llvm.clang.1_0.compiler
    cd /Users/yanai/Desktop/Connection/xcode/CMakeFiles/CMakeTmp
    export LANG=en_US.US-ASCII
    /Applications/Xcode.app/Contents/Developer/Toolchains/XcodeDefault.xctoolchain/usr/bin/clang -x c -arch x86_64 -fmessage-length=0 -fdiagnostics-show-note-include-stack -fmacro-backtrace-limit=0 -Wno-trigraphs -fpascal-strings -O0 -Wno-missing-field-initializers -Wno-missing-prototypes -Wno-return-type -Wno-missing-braces -Wparentheses -Wswitch -Wno-unused-function -Wno-unused-label -Wno-unused-parameter -Wno-unused-variable -Wunused-value -Wno-empty-body -Wno-uninitialized -Wno-unknown-pragmas -Wno-shadow -Wno-four-char-constants -Wno-conversion -Wno-constant-conversion -Wno-int-conversion -Wno-bool-conversion -Wno-enum-conversion -Wno-shorten-64-to-32 -Wpointer-sign -Wno-newline-eof -DCMAKE_INTDIR=\"Debug\" -isysroot /Applications/Xcode.app/Contents/Developer/Platforms/MacOSX.platform/Developer/SDKs/MacOSX10.11.sdk -fasm-blocks -fstrict-aliasing -Wdeprecated-declarations -mmacosx-version-min=10.10 -g -Wno-sign-conversion -I/Users/yanai/Desktop/Connection/xcode/CMakeFiles/CMakeTmp/Debug/include -I/Users/yanai/Desktop/Connection/xcode/CMakeFiles/CMakeTmp/CMAKE_TRY_COMPILE.build/Debug/cmTC_47daa.build/DerivedSources/x86_64 -I/Users/yanai/Desktop/Connection/xcode/CMakeFiles/CMakeTmp/CMAKE_TRY_COMPILE.build/Debug/cmTC_47daa.build/DerivedSources -Wmost -Wno-four-char-constants -Wno-unknown-pragmas -F/Users/yanai/Desktop/Connection/xcode/CMakeFiles/CMakeTmp/Debug -std=c90 -MMD -MT dependencies -MF /Users/yanai/Desktop/Connection/xcode/CMakeFiles/CMakeTmp/CMAKE_TRY_COMPILE.build/Debug/cmTC_47daa.build/Objects-normal/x86_64/feature_tests.d --serialize-diagnostics /Users/yanai/Desktop/Connection/xcode/CMakeFiles/CMakeTmp/CMAKE_TRY_COMPILE.build/Debug/cmTC_47daa.build/Objects-normal/x86_64/feature_tests.dia -c /Users/yanai/Desktop/Connection/xcode/CMakeFiles/feature_tests.c -o /Users/yanai/Desktop/Connection/xcode/CMakeFiles/CMakeTmp/CMAKE_TRY_COMPILE.build/Debug/cmTC_47daa.build/Objects-normal/x86_64/feature_tests.o

Ld Debug/cmTC_47daa normal x86_64
    cd /Users/yanai/Desktop/Connection/xcode/CMakeFiles/CMakeTmp
    export MACOSX_DEPLOYMENT_TARGET=10.10
    /Applications/Xcode.app/Contents/Developer/Toolchains/XcodeDefault.xctoolchain/usr/bin/clang -arch x86_64 -isysroot /Applications/Xcode.app/Contents/Developer/Platforms/MacOSX.platform/Developer/SDKs/MacOSX10.11.sdk -L/Users/yanai/Desktop/Connection/xcode/CMakeFiles/CMakeTmp/Debug -F/Users/yanai/Desktop/Connection/xcode/CMakeFiles/CMakeTmp/Debug -filelist /Users/yanai/Desktop/Connection/xcode/CMakeFiles/CMakeTmp/CMAKE_TRY_COMPILE.build/Debug/cmTC_47daa.build/Objects-normal/x86_64/cmTC_47daa.LinkFileList -mmacosx-version-min=10.10 -Wl,-search_paths_first -Wl,-headerpad_max_install_names -Xlinker -dependency_info -Xlinker /Users/yanai/Desktop/Connection/xcode/CMakeFiles/CMakeTmp/CMAKE_TRY_COMPILE.build/Debug/cmTC_47daa.build/Objects-normal/x86_64/cmTC_47daa_dependency_info.dat -o /Users/yanai/Desktop/Connection/xcode/CMakeFiles/CMakeTmp/Debug/cmTC_47daa

** BUILD SUCCEEDED **



    Feature record: C_FEATURE:1c_function_prototypes
    Feature record: C_FEATURE:0c_restrict
    Feature record: C_FEATURE:0c_static_assert
    Feature record: C_FEATURE:0c_variadic_macros
Determining if the CXX compiler works passed with the following output:
Change Dir: /Users/yanai/Desktop/Connection/xcode/CMakeFiles/CMakeTmp

Run Build Command:"/usr/bin/xcodebuild" "-project" "CMAKE_TRY_COMPILE.xcodeproj" "build" "-target" "cmTC_ca921" "-configuration" "Debug"
2016-03-24 08:13:51.262 xcodebuild[11167:754864] [MT] PluginLoading: Required plug-in compatibility UUID F41BD31E-2683-44B8-AE7F-5F09E919790E for plug-in at path '~/Library/Application Support/Developer/Shared/Xcode/Plug-ins/UncrustifyPlugin.xcplugin' not present in DVTPlugInCompatibilityUUIDs
2016-03-24 08:13:51.262 xcodebuild[11167:754864] Failed to load plugin at: /Users/yanai/Library/Application Support/Developer/Shared/Xcode/Plug-ins/UncrustifyPlugin.xcplugin, skipping.  Reason for failure: *** -[__NSPlaceholderDictionary initWithObjects:forKeys:count:]: attempt to insert nil object from objects[0]
=== BUILD TARGET cmTC_ca921 OF PROJECT CMAKE_TRY_COMPILE WITH CONFIGURATION Debug ===

Check dependencies

Write auxiliary files
/bin/mkdir -p /Users/yanai/Desktop/Connection/xcode/CMakeFiles/CMakeTmp/CMAKE_TRY_COMPILE.build/Debug/cmTC_ca921.build/Objects-normal/x86_64
write-file /Users/yanai/Desktop/Connection/xcode/CMakeFiles/CMakeTmp/CMAKE_TRY_COMPILE.build/Debug/cmTC_ca921.build/Objects-normal/x86_64/cmTC_ca921.LinkFileList

CompileC CMAKE_TRY_COMPILE.build/Debug/cmTC_ca921.build/Objects-normal/x86_64/testCXXCompiler.o testCXXCompiler.cxx normal x86_64 c++ com.apple.compilers.llvm.clang.1_0.compiler
    cd /Users/yanai/Desktop/Connection/xcode/CMakeFiles/CMakeTmp
    export LANG=en_US.US-ASCII
    /Applications/Xcode.app/Contents/Developer/Toolchains/XcodeDefault.xctoolchain/usr/bin/clang -x c++ -arch x86_64 -fmessage-length=0 -fdiagnostics-show-note-include-stack -fmacro-backtrace-limit=0 -Wno-trigraphs -fpascal-strings -O0 -Wno-missing-field-initializers -Wno-missing-prototypes -Wno-return-type -Wno-non-virtual-dtor -Wno-overloaded-virtual -Wno-exit-time-destructors -Wno-missing-braces -Wparentheses -Wswitch -Wno-unused-function -Wno-unused-label -Wno-unused-parameter -Wno-unused-variable -Wunused-value -Wno-empty-body -Wno-uninitialized -Wno-unknown-pragmas -Wno-shadow -Wno-four-char-constants -Wno-conversion -Wno-constant-conversion -Wno-int-conversion -Wno-bool-conversion -Wno-enum-conversion -Wno-shorten-64-to-32 -Wno-newline-eof -Wno-c++11-extensions -DCMAKE_INTDIR=\"Debug\" -isysroot /Applications/Xcode.app/Contents/Developer/Platforms/MacOSX.platform/Developer/SDKs/MacOSX10.11.sdk -fasm-blocks -fstrict-aliasing -Wdeprecated-declarations -Winvalid-offsetof -mmacosx-version-min=10.10 -g -Wno-sign-conversion -I/Users/yanai/Desktop/Connection/xcode/CMakeFiles/CMakeTmp/Debug/include -I/Users/yanai/Desktop/Connection/xcode/CMakeFiles/CMakeTmp/CMAKE_TRY_COMPILE.build/Debug/cmTC_ca921.build/DerivedSources/x86_64 -I/Users/yanai/Desktop/Connection/xcode/CMakeFiles/CMakeTmp/CMAKE_TRY_COMPILE.build/Debug/cmTC_ca921.build/DerivedSources -Wmost -Wno-four-char-constants -Wno-unknown-pragmas -F/Users/yanai/Desktop/Connection/xcode/CMakeFiles/CMakeTmp/Debug -MMD -MT dependencies -MF /Users/yanai/Desktop/Connection/xcode/CMakeFiles/CMakeTmp/CMAKE_TRY_COMPILE.build/Debug/cmTC_ca921.build/Objects-normal/x86_64/testCXXCompiler.d --serialize-diagnostics /Users/yanai/Desktop/Connection/xcode/CMakeFiles/CMakeTmp/CMAKE_TRY_COMPILE.build/Debug/cmTC_ca921.build/Objects-normal/x86_64/testCXXCompiler.dia -c /Users/yanai/Desktop/Connection/xcode/CMakeFiles/CMakeTmp/testCXXCompiler.cxx -o /Users/yanai/Desktop/Connection/xcode/CMakeFiles/CMakeTmp/CMAKE_TRY_COMPILE.build/Debug/cmTC_ca921.build/Objects-normal/x86_64/testCXXCompiler.o

Ld Debug/cmTC_ca921 normal x86_64
    cd /Users/yanai/Desktop/Connection/xcode/CMakeFiles/CMakeTmp
    export MACOSX_DEPLOYMENT_TARGET=10.10
    /Applications/Xcode.app/Contents/Developer/Toolchains/XcodeDefault.xctoolchain/usr/bin/clang++ -arch x86_64 -isysroot /Applications/Xcode.app/Contents/Developer/Platforms/MacOSX.platform/Developer/SDKs/MacOSX10.11.sdk -L/Users/yanai/Desktop/Connection/xcode/CMakeFiles/CMakeTmp/Debug -F/Users/yanai/Desktop/Connection/xcode/CMakeFiles/CMakeTmp/Debug -filelist /Users/yanai/Desktop/Connection/xcode/CMakeFiles/CMakeTmp/CMAKE_TRY_COMPILE.build/Debug/cmTC_ca921.build/Objects-normal/x86_64/cmTC_ca921.LinkFileList -mmacosx-version-min=10.10 -Wl,-search_paths_first -Wl,-headerpad_max_install_names -Xlinker -dependency_info -Xlinker /Users/yanai/Desktop/Connection/xcode/CMakeFiles/CMakeTmp/CMAKE_TRY_COMPILE.build/Debug/cmTC_ca921.build/Objects-normal/x86_64/cmTC_ca921_dependency_info.dat -o /Users/yanai/Desktop/Connection/xcode/CMakeFiles/CMakeTmp/Debug/cmTC_ca921

** BUILD SUCCEEDED **



Detecting CXX compiler ABI info compiled with the following output:
Change Dir: /Users/yanai/Desktop/Connection/xcode/CMakeFiles/CMakeTmp

Run Build Command:"/usr/bin/xcodebuild" "-project" "CMAKE_TRY_COMPILE.xcodeproj" "build" "-target" "cmTC_a354f" "-configuration" "Debug"
2016-03-24 08:13:51.936 xcodebuild[11183:754910] [MT] PluginLoading: Required plug-in compatibility UUID F41BD31E-2683-44B8-AE7F-5F09E919790E for plug-in at path '~/Library/Application Support/Developer/Shared/Xcode/Plug-ins/UncrustifyPlugin.xcplugin' not present in DVTPlugInCompatibilityUUIDs
2016-03-24 08:13:51.937 xcodebuild[11183:754910] Failed to load plugin at: /Users/yanai/Library/Application Support/Developer/Shared/Xcode/Plug-ins/UncrustifyPlugin.xcplugin, skipping.  Reason for failure: *** -[__NSPlaceholderDictionary initWithObjects:forKeys:count:]: attempt to insert nil object from objects[0]
=== BUILD TARGET cmTC_a354f OF PROJECT CMAKE_TRY_COMPILE WITH CONFIGURATION Debug ===

Check dependencies

Write auxiliary files
/bin/mkdir -p /Users/yanai/Desktop/Connection/xcode/CMakeFiles/CMakeTmp/CMAKE_TRY_COMPILE.build/Debug/cmTC_a354f.build/Objects-normal/x86_64
write-file /Users/yanai/Desktop/Connection/xcode/CMakeFiles/CMakeTmp/CMAKE_TRY_COMPILE.build/Debug/cmTC_a354f.build/Objects-normal/x86_64/cmTC_a354f.LinkFileList

CompileC CMAKE_TRY_COMPILE.build/Debug/cmTC_a354f.build/Objects-normal/x86_64/CMakeCXXCompilerABI.o /Applications/CMake.app/Contents/share/cmake-3.5/Modules/CMakeCXXCompilerABI.cpp normal x86_64 c++ com.apple.compilers.llvm.clang.1_0.compiler
    cd /Users/yanai/Desktop/Connection/xcode/CMakeFiles/CMakeTmp
    export LANG=en_US.US-ASCII
    /Applications/Xcode.app/Contents/Developer/Toolchains/XcodeDefault.xctoolchain/usr/bin/clang -x c++ -arch x86_64 -fmessage-length=0 -fdiagnostics-show-note-include-stack -fmacro-backtrace-limit=0 -Wno-trigraphs -fpascal-strings -O0 -Wno-missing-field-initializers -Wno-missing-prototypes -Wno-return-type -Wno-non-virtual-dtor -Wno-overloaded-virtual -Wno-exit-time-destructors -Wno-missing-braces -Wparentheses -Wswitch -Wno-unused-function -Wno-unused-label -Wno-unused-parameter -Wno-unused-variable -Wunused-value -Wno-empty-body -Wno-uninitialized -Wno-unknown-pragmas -Wno-shadow -Wno-four-char-constants -Wno-conversion -Wno-constant-conversion -Wno-int-conversion -Wno-bool-conversion -Wno-enum-conversion -Wno-shorten-64-to-32 -Wno-newline-eof -Wno-c++11-extensions -DCMAKE_INTDIR=\"Debug\" -isysroot /Applications/Xcode.app/Contents/Developer/Platforms/MacOSX.platform/Developer/SDKs/MacOSX10.11.sdk -fasm-blocks -fstrict-aliasing -Wdeprecated-declarations -Winvalid-offsetof -mmacosx-version-min=10.10 -g -Wno-sign-conversion -I/Users/yanai/Desktop/Connection/xcode/CMakeFiles/CMakeTmp/Debug/include -I/Users/yanai/Desktop/Connection/xcode/CMakeFiles/CMakeTmp/CMAKE_TRY_COMPILE.build/Debug/cmTC_a354f.build/DerivedSources/x86_64 -I/Users/yanai/Desktop/Connection/xcode/CMakeFiles/CMakeTmp/CMAKE_TRY_COMPILE.build/Debug/cmTC_a354f.build/DerivedSources -Wmost -Wno-four-char-constants -Wno-unknown-pragmas -F/Users/yanai/Desktop/Connection/xcode/CMakeFiles/CMakeTmp/Debug -MMD -MT dependencies -MF /Users/yanai/Desktop/Connection/xcode/CMakeFiles/CMakeTmp/CMAKE_TRY_COMPILE.build/Debug/cmTC_a354f.build/Objects-normal/x86_64/CMakeCXXCompilerABI.d --serialize-diagnostics /Users/yanai/Desktop/Connection/xcode/CMakeFiles/CMakeTmp/CMAKE_TRY_COMPILE.build/Debug/cmTC_a354f.build/Objects-normal/x86_64/CMakeCXXCompilerABI.dia -c /Applications/CMake.app/Contents/share/cmake-3.5/Modules/CMakeCXXCompilerABI.cpp -o /Users/yanai/Desktop/Connection/xcode/CMakeFiles/CMakeTmp/CMAKE_TRY_COMPILE.build/Debug/cmTC_a354f.build/Objects-normal/x86_64/CMakeCXXCompilerABI.o

Ld Debug/cmTC_a354f normal x86_64
    cd /Users/yanai/Desktop/Connection/xcode/CMakeFiles/CMakeTmp
    export MACOSX_DEPLOYMENT_TARGET=10.10
    /Applications/Xcode.app/Contents/Developer/Toolchains/XcodeDefault.xctoolchain/usr/bin/clang++ -arch x86_64 -isysroot /Applications/Xcode.app/Contents/Developer/Platforms/MacOSX.platform/Developer/SDKs/MacOSX10.11.sdk -L/Users/yanai/Desktop/Connection/xcode/CMakeFiles/CMakeTmp/Debug -F/Users/yanai/Desktop/Connection/xcode/CMakeFiles/CMakeTmp/Debug -filelist /Users/yanai/Desktop/Connection/xcode/CMakeFiles/CMakeTmp/CMAKE_TRY_COMPILE.build/Debug/cmTC_a354f.build/Objects-normal/x86_64/cmTC_a354f.LinkFileList -mmacosx-version-min=10.10 -v -Wl,-v -Wl,-search_paths_first -Wl,-headerpad_max_install_names -Xlinker -dependency_info -Xlinker /Users/yanai/Desktop/Connection/xcode/CMakeFiles/CMakeTmp/CMAKE_TRY_COMPILE.build/Debug/cmTC_a354f.build/Objects-normal/x86_64/cmTC_a354f_dependency_info.dat -o /Users/yanai/Desktop/Connection/xcode/CMakeFiles/CMakeTmp/Debug/cmTC_a354f
Apple LLVM version 7.0.2 (clang-700.1.81)
Target: x86_64-apple-darwin14.5.0
Thread model: posix
 "/Applications/Xcode.app/Contents/Developer/Toolchains/XcodeDefault.xctoolchain/usr/bin/ld" -demangle -dynamic -arch x86_64 -macosx_version_min 10.10.0 -syslibroot /Applications/Xcode.app/Contents/Developer/Platforms/MacOSX.platform/Developer/SDKs/MacOSX10.11.sdk -o /Users/yanai/Desktop/Connection/xcode/CMakeFiles/CMakeTmp/Debug/cmTC_a354f -L/Users/yanai/Desktop/Connection/xcode/CMakeFiles/CMakeTmp/Debug -filelist /Users/yanai/Desktop/Connection/xcode/CMakeFiles/CMakeTmp/CMAKE_TRY_COMPILE.build/Debug/cmTC_a354f.build/Objects-normal/x86_64/cmTC_a354f.LinkFileList -v -search_paths_first -headerpad_max_install_names -dependency_info /Users/yanai/Desktop/Connection/xcode/CMakeFiles/CMakeTmp/CMAKE_TRY_COMPILE.build/Debug/cmTC_a354f.build/Objects-normal/x86_64/cmTC_a354f_dependency_info.dat -lc++ -lSystem /Applications/Xcode.app/Contents/Developer/Toolchains/XcodeDefault.xctoolchain/usr/bin/../lib/clang/7.0.2/lib/darwin/libclang_rt.osx.a -F/Users/yanai/Desktop/Connection/xcode/CMakeFiles/CMakeTmp/Debug
@(#)PROGRAM:ld  PROJECT:ld64-253.9
configured to support archs: armv6 armv7 armv7s arm64 i386 x86_64 x86_64h armv6m armv7k armv7m armv7em (tvOS)
Library search paths:
	/Users/yanai/Desktop/Connection/xcode/CMakeFiles/CMakeTmp/Debug
	/Applications/Xcode.app/Contents/Developer/Platforms/MacOSX.platform/Developer/SDKs/MacOSX10.11.sdk/usr/lib
Framework search paths:
	/Users/yanai/Desktop/Connection/xcode/CMakeFiles/CMakeTmp/Debug
	/Applications/Xcode.app/Contents/Developer/Platforms/MacOSX.platform/Developer/SDKs/MacOSX10.11.sdk/System/Library/Frameworks/

** BUILD SUCCEEDED **



Parsed CXX implicit link information from above output:
  link line regex: [^( *|.*[/\])(ld|([^/\]+-)?ld|collect2)[^/\]*( |$)]
  ignore line: [Change Dir: /Users/yanai/Desktop/Connection/xcode/CMakeFiles/CMakeTmp]
  ignore line: []
  ignore line: [Run Build Command:"/usr/bin/xcodebuild" "-project" "CMAKE_TRY_COMPILE.xcodeproj" "build" "-target" "cmTC_a354f" "-configuration" "Debug"]
  ignore line: [2016-03-24 08:13:51.936 xcodebuild[11183:754910] [MT] PluginLoading: Required plug-in compatibility UUID F41BD31E-2683-44B8-AE7F-5F09E919790E for plug-in at path '~/Library/Application Support/Developer/Shared/Xcode/Plug-ins/UncrustifyPlugin.xcplugin' not present in DVTPlugInCompatibilityUUIDs]
  ignore line: [2016-03-24 08:13:51.937 xcodebuild[11183:754910] Failed to load plugin at: /Users/yanai/Library/Application Support/Developer/Shared/Xcode/Plug-ins/UncrustifyPlugin.xcplugin, skipping.  Reason for failure: *** -[__NSPlaceholderDictionary initWithObjects:forKeys:count:]: attempt to insert nil object from objects[0]]
  ignore line: [=== BUILD TARGET cmTC_a354f OF PROJECT CMAKE_TRY_COMPILE WITH CONFIGURATION Debug ===]
  ignore line: []
  ignore line: [Check dependencies]
  ignore line: []
  ignore line: [Write auxiliary files]
  ignore line: [/bin/mkdir -p /Users/yanai/Desktop/Connection/xcode/CMakeFiles/CMakeTmp/CMAKE_TRY_COMPILE.build/Debug/cmTC_a354f.build/Objects-normal/x86_64]
  ignore line: [write-file /Users/yanai/Desktop/Connection/xcode/CMakeFiles/CMakeTmp/CMAKE_TRY_COMPILE.build/Debug/cmTC_a354f.build/Objects-normal/x86_64/cmTC_a354f.LinkFileList]
  ignore line: []
  ignore line: [CompileC CMAKE_TRY_COMPILE.build/Debug/cmTC_a354f.build/Objects-normal/x86_64/CMakeCXXCompilerABI.o /Applications/CMake.app/Contents/share/cmake-3.5/Modules/CMakeCXXCompilerABI.cpp normal x86_64 c++ com.apple.compilers.llvm.clang.1_0.compiler]
  ignore line: [    cd /Users/yanai/Desktop/Connection/xcode/CMakeFiles/CMakeTmp]
  ignore line: [    export LANG=en_US.US-ASCII]
  ignore line: [    /Applications/Xcode.app/Contents/Developer/Toolchains/XcodeDefault.xctoolchain/usr/bin/clang -x c++ -arch x86_64 -fmessage-length=0 -fdiagnostics-show-note-include-stack -fmacro-backtrace-limit=0 -Wno-trigraphs -fpascal-strings -O0 -Wno-missing-field-initializers -Wno-missing-prototypes -Wno-return-type -Wno-non-virtual-dtor -Wno-overloaded-virtual -Wno-exit-time-destructors -Wno-missing-braces -Wparentheses -Wswitch -Wno-unused-function -Wno-unused-label -Wno-unused-parameter -Wno-unused-variable -Wunused-value -Wno-empty-body -Wno-uninitialized -Wno-unknown-pragmas -Wno-shadow -Wno-four-char-constants -Wno-conversion -Wno-constant-conversion -Wno-int-conversion -Wno-bool-conversion -Wno-enum-conversion -Wno-shorten-64-to-32 -Wno-newline-eof -Wno-c++11-extensions -DCMAKE_INTDIR=\"Debug\" -isysroot /Applications/Xcode.app/Contents/Developer/Platforms/MacOSX.platform/Developer/SDKs/MacOSX10.11.sdk -fasm-blocks -fstrict-aliasing -Wdeprecated-declarations -Winvalid-offsetof -mmacosx-version-min=10.10 -g -Wno-sign-conversion -I/Users/yanai/Desktop/Connection/xcode/CMakeFiles/CMakeTmp/Debug/include -I/Users/yanai/Desktop/Connection/xcode/CMakeFiles/CMakeTmp/CMAKE_TRY_COMPILE.build/Debug/cmTC_a354f.build/DerivedSources/x86_64 -I/Users/yanai/Desktop/Connection/xcode/CMakeFiles/CMakeTmp/CMAKE_TRY_COMPILE.build/Debug/cmTC_a354f.build/DerivedSources -Wmost -Wno-four-char-constants -Wno-unknown-pragmas -F/Users/yanai/Desktop/Connection/xcode/CMakeFiles/CMakeTmp/Debug -MMD -MT dependencies -MF /Users/yanai/Desktop/Connection/xcode/CMakeFiles/CMakeTmp/CMAKE_TRY_COMPILE.build/Debug/cmTC_a354f.build/Objects-normal/x86_64/CMakeCXXCompilerABI.d --serialize-diagnostics /Users/yanai/Desktop/Connection/xcode/CMakeFiles/CMakeTmp/CMAKE_TRY_COMPILE.build/Debug/cmTC_a354f.build/Objects-normal/x86_64/CMakeCXXCompilerABI.dia -c /Applications/CMake.app/Contents/share/cmake-3.5/Modules/CMakeCXXCompilerABI.cpp -o /Users/yanai/Desktop/Connection/xcode/CMakeFiles/CMakeTmp/CMAKE_TRY_COMPILE.build/Debug/cmTC_a354f.build/Objects-normal/x86_64/CMakeCXXCompilerABI.o]
  ignore line: []
  ignore line: [Ld Debug/cmTC_a354f normal x86_64]
  ignore line: [    cd /Users/yanai/Desktop/Connection/xcode/CMakeFiles/CMakeTmp]
  ignore line: [    export MACOSX_DEPLOYMENT_TARGET=10.10]
  ignore line: [    /Applications/Xcode.app/Contents/Developer/Toolchains/XcodeDefault.xctoolchain/usr/bin/clang++ -arch x86_64 -isysroot /Applications/Xcode.app/Contents/Developer/Platforms/MacOSX.platform/Developer/SDKs/MacOSX10.11.sdk -L/Users/yanai/Desktop/Connection/xcode/CMakeFiles/CMakeTmp/Debug -F/Users/yanai/Desktop/Connection/xcode/CMakeFiles/CMakeTmp/Debug -filelist /Users/yanai/Desktop/Connection/xcode/CMakeFiles/CMakeTmp/CMAKE_TRY_COMPILE.build/Debug/cmTC_a354f.build/Objects-normal/x86_64/cmTC_a354f.LinkFileList -mmacosx-version-min=10.10 -v -Wl,-v -Wl,-search_paths_first -Wl,-headerpad_max_install_names -Xlinker -dependency_info -Xlinker /Users/yanai/Desktop/Connection/xcode/CMakeFiles/CMakeTmp/CMAKE_TRY_COMPILE.build/Debug/cmTC_a354f.build/Objects-normal/x86_64/cmTC_a354f_dependency_info.dat -o /Users/yanai/Desktop/Connection/xcode/CMakeFiles/CMakeTmp/Debug/cmTC_a354f]
  ignore line: [Apple LLVM version 7.0.2 (clang-700.1.81)]
  ignore line: [Target: x86_64-apple-darwin14.5.0]
  ignore line: [Thread model: posix]
  reduced line: [ "/Applications/Xcode.app/Contents/Developer/Toolchains/XcodeDefault.xctoolchain/usr/bin/ld" -demangle -dynamic -arch x86_64 -macosx_version_min 10.10.0 -syslibroot /Applications/Xcode.app/Contents/Developer/Platforms/MacOSX.platform/Developer/SDKs/MacOSX10.11.sdk -o /Users/yanai/Desktop/Connection/xcode/CMakeFiles/CMakeTmp/Debug/cmTC_a354f -L/Users/yanai/Desktop/Connection/xcode/CMakeFiles/CMakeTmp/Debug -filelist /Users/yanai/Desktop/Connection/xcode/CMakeFiles/CMakeTmp/CMAKE_TRY_COMPILE.build/Debug/cmTC_a354f.build/Objects-normal/x86_64/cmTC_a354f.LinkFileList -v -search_paths_first -headerpad_max_install_names -dependency_info /Users/yanai/Desktop/Connection/xcode/CMakeFiles/CMakeTmp/CMAKE_TRY_COMPILE.build/Debug/cmTC_a354f.build/Objects-normal/x86_64/cmTC_a354f_dependency_info.dat -lc++ -lSystem /Applications/Xcode.app/Contents/Developer/Toolchains/XcodeDefault.xctoolchain/usr/bin/../lib/clang/7.0.2/lib/darwin/libclang_rt.osx.a -F/Users/yanai/Desktop/Connection/xcode/CMakeFiles/CMakeTmp/Debug]
            to: [ "/Applications/Xcode.app/Contents/Developer/Toolchains/XcodeDefault.xctoolchain/usr/bin/ld" -demangle -dynamic -arch x86_64 -macosx_version_min 10.10.0 -syslibroot /Applications/Xcode.app/Contents/Developer/Platforms/MacOSX.platform/Developer/SDKs/MacOSX10.11.sdk -o /Users/yanai/Desktop/Connection/xcode/CMakeFiles/CMakeTmp/Debug/cmTC_a354f -filelist /Users/yanai/Desktop/Connection/xcode/CMakeFiles/CMakeTmp/CMAKE_TRY_COMPILE.build/Debug/cmTC_a354f.build/Objects-normal/x86_64/cmTC_a354f.LinkFileList -v -search_paths_first -headerpad_max_install_names -dependency_info /Users/yanai/Desktop/Connection/xcode/CMakeFiles/CMakeTmp/CMAKE_TRY_COMPILE.build/Debug/cmTC_a354f.build/Objects-normal/x86_64/cmTC_a354f_dependency_info.dat -lc++ -lSystem /Applications/Xcode.app/Contents/Developer/Toolchains/XcodeDefault.xctoolchain/usr/bin/../lib/clang/7.0.2/lib/darwin/libclang_rt.osx.a ]
  link line: [ "/Applications/Xcode.app/Contents/Developer/Toolchains/XcodeDefault.xctoolchain/usr/bin/ld" -demangle -dynamic -arch x86_64 -macosx_version_min 10.10.0 -syslibroot /Applications/Xcode.app/Contents/Developer/Platforms/MacOSX.platform/Developer/SDKs/MacOSX10.11.sdk -o /Users/yanai/Desktop/Connection/xcode/CMakeFiles/CMakeTmp/Debug/cmTC_a354f -filelist /Users/yanai/Desktop/Connection/xcode/CMakeFiles/CMakeTmp/CMAKE_TRY_COMPILE.build/Debug/cmTC_a354f.build/Objects-normal/x86_64/cmTC_a354f.LinkFileList -v -search_paths_first -headerpad_max_install_names -dependency_info /Users/yanai/Desktop/Connection/xcode/CMakeFiles/CMakeTmp/CMAKE_TRY_COMPILE.build/Debug/cmTC_a354f.build/Objects-normal/x86_64/cmTC_a354f_dependency_info.dat -lc++ -lSystem /Applications/Xcode.app/Contents/Developer/Toolchains/XcodeDefault.xctoolchain/usr/bin/../lib/clang/7.0.2/lib/darwin/libclang_rt.osx.a ]
    arg [/Applications/Xcode.app/Contents/Developer/Toolchains/XcodeDefault.xctoolchain/usr/bin/ld] ==> ignore
    arg [-demangle] ==> ignore
    arg [-dynamic] ==> ignore
    arg [-arch] ==> ignore
    arg [x86_64] ==> ignore
    arg [-macosx_version_min] ==> ignore
    arg [10.10.0] ==> ignore
    arg [-syslibroot] ==> ignore
    arg [/Applications/Xcode.app/Contents/Developer/Platforms/MacOSX.platform/Developer/SDKs/MacOSX10.11.sdk] ==> ignore
    arg [-o] ==> ignore
    arg [/Users/yanai/Desktop/Connection/xcode/CMakeFiles/CMakeTmp/Debug/cmTC_a354f] ==> ignore
    arg [-filelist] ==> ignore
    arg [/Users/yanai/Desktop/Connection/xcode/CMakeFiles/CMakeTmp/CMAKE_TRY_COMPILE.build/Debug/cmTC_a354f.build/Objects-normal/x86_64/cmTC_a354f.LinkFileList] ==> ignore
    arg [-v] ==> ignore
    arg [-search_paths_first] ==> ignore
    arg [-headerpad_max_install_names] ==> ignore
    arg [-dependency_info] ==> ignore
    arg [/Users/yanai/Desktop/Connection/xcode/CMakeFiles/CMakeTmp/CMAKE_TRY_COMPILE.build/Debug/cmTC_a354f.build/Objects-normal/x86_64/cmTC_a354f_dependency_info.dat] ==> ignore
    arg [-lc++] ==> lib [c++]
    arg [-lSystem] ==> lib [System]
    arg [/Applications/Xcode.app/Contents/Developer/Toolchains/XcodeDefault.xctoolchain/usr/bin/../lib/clang/7.0.2/lib/darwin/libclang_rt.osx.a] ==> lib [/Applications/Xcode.app/Contents/Developer/Toolchains/XcodeDefault.xctoolchain/usr/bin/../lib/clang/7.0.2/lib/darwin/libclang_rt.osx.a]
  Library search paths: [;/Users/yanai/Desktop/Connection/xcode/CMakeFiles/CMakeTmp/Debug;/Applications/Xcode.app/Contents/Developer/Platforms/MacOSX.platform/Developer/SDKs/MacOSX10.11.sdk/usr/lib]
  Framework search paths: [;/Users/yanai/Desktop/Connection/xcode/CMakeFiles/CMakeTmp/Debug;/Applications/Xcode.app/Contents/Developer/Platforms/MacOSX.platform/Developer/SDKs/MacOSX10.11.sdk/System/Library/Frameworks/]
  remove lib [System]
  collapse lib [/Applications/Xcode.app/Contents/Developer/Toolchains/XcodeDefault.xctoolchain/usr/bin/../lib/clang/7.0.2/lib/darwin/libclang_rt.osx.a] ==> [/Applications/Xcode.app/Contents/Developer/Toolchains/XcodeDefault.xctoolchain/usr/lib/clang/7.0.2/lib/darwin/libclang_rt.osx.a]
  collapse library dir [/Users/yanai/Desktop/Connection/xcode/CMakeFiles/CMakeTmp/Debug] ==> [/Users/yanai/Desktop/Connection/xcode/CMakeFiles/CMakeTmp/Debug], skipping non-system directory
  collapse library dir [/Applications/Xcode.app/Contents/Developer/Platforms/MacOSX.platform/Developer/SDKs/MacOSX10.11.sdk/usr/lib] ==> [/Applications/Xcode.app/Contents/Developer/Platforms/MacOSX.platform/Developer/SDKs/MacOSX10.11.sdk/usr/lib]
  collapse framework dir [/Users/yanai/Desktop/Connection/xcode/CMakeFiles/CMakeTmp/Debug] ==> [/Users/yanai/Desktop/Connection/xcode/CMakeFiles/CMakeTmp/Debug], skipping non-system directory
  collapse framework dir [/Applications/Xcode.app/Contents/Developer/Platforms/MacOSX.platform/Developer/SDKs/MacOSX10.11.sdk/System/Library/Frameworks/] ==> [/Applications/Xcode.app/Contents/Developer/Platforms/MacOSX.platform/Developer/SDKs/MacOSX10.11.sdk/System/Library/Frameworks]
  implicit libs: [c++;/Applications/Xcode.app/Contents/Developer/Toolchains/XcodeDefault.xctoolchain/usr/lib/clang/7.0.2/lib/darwin/libclang_rt.osx.a]
  implicit dirs: [/Applications/Xcode.app/Contents/Developer/Platforms/MacOSX.platform/Developer/SDKs/MacOSX10.11.sdk/usr/lib]
  implicit fwks: [/Applications/Xcode.app/Contents/Developer/Platforms/MacOSX.platform/Developer/SDKs/MacOSX10.11.sdk/System/Library/Frameworks]




Detecting CXX [-std=c++14] compiler features compiled with the following output:
Change Dir: /Users/yanai/Desktop/Connection/xcode/CMakeFiles/CMakeTmp

Run Build Command:"/usr/bin/xcodebuild" "-project" "CMAKE_TRY_COMPILE.xcodeproj" "build" "-target" "cmTC_318af" "-configuration" "Debug"
2016-03-24 08:13:52.617 xcodebuild[11199:754957] [MT] PluginLoading: Required plug-in compatibility UUID F41BD31E-2683-44B8-AE7F-5F09E919790E for plug-in at path '~/Library/Application Support/Developer/Shared/Xcode/Plug-ins/UncrustifyPlugin.xcplugin' not present in DVTPlugInCompatibilityUUIDs
2016-03-24 08:13:52.618 xcodebuild[11199:754957] Failed to load plugin at: /Users/yanai/Library/Application Support/Developer/Shared/Xcode/Plug-ins/UncrustifyPlugin.xcplugin, skipping.  Reason for failure: *** -[__NSPlaceholderDictionary initWithObjects:forKeys:count:]: attempt to insert nil object from objects[0]
=== BUILD TARGET cmTC_318af OF PROJECT CMAKE_TRY_COMPILE WITH CONFIGURATION Debug ===

Check dependencies

Write auxiliary files
/bin/mkdir -p /Users/yanai/Desktop/Connection/xcode/CMakeFiles/CMakeTmp/CMAKE_TRY_COMPILE.build/Debug/cmTC_318af.build/Objects-normal/x86_64
write-file /Users/yanai/Desktop/Connection/xcode/CMakeFiles/CMakeTmp/CMAKE_TRY_COMPILE.build/Debug/cmTC_318af.build/Objects-normal/x86_64/cmTC_318af.LinkFileList

CompileC CMAKE_TRY_COMPILE.build/Debug/cmTC_318af.build/Objects-normal/x86_64/feature_tests.o /Users/yanai/Desktop/Connection/xcode/CMakeFiles/feature_tests.cxx normal x86_64 c++ com.apple.compilers.llvm.clang.1_0.compiler
    cd /Users/yanai/Desktop/Connection/xcode/CMakeFiles/CMakeTmp
    export LANG=en_US.US-ASCII
    /Applications/Xcode.app/Contents/Developer/Toolchains/XcodeDefault.xctoolchain/usr/bin/clang -x c++ -arch x86_64 -fmessage-length=0 -fdiagnostics-show-note-include-stack -fmacro-backtrace-limit=0 -Wno-trigraphs -fpascal-strings -O0 -Wno-missing-field-initializers -Wno-missing-prototypes -Wno-return-type -Wno-non-virtual-dtor -Wno-overloaded-virtual -Wno-exit-time-destructors -Wno-missing-braces -Wparentheses -Wswitch -Wno-unused-function -Wno-unused-label -Wno-unused-parameter -Wno-unused-variable -Wunused-value -Wno-empty-body -Wno-uninitialized -Wno-unknown-pragmas -Wno-shadow -Wno-four-char-constants -Wno-conversion -Wno-constant-conversion -Wno-int-conversion -Wno-bool-conversion -Wno-enum-conversion -Wno-shorten-64-to-32 -Wno-newline-eof -Wno-c++11-extensions -DCMAKE_INTDIR=\"Debug\" -isysroot /Applications/Xcode.app/Contents/Developer/Platforms/MacOSX.platform/Developer/SDKs/MacOSX10.11.sdk -fasm-blocks -fstrict-aliasing -Wdeprecated-declarations -Winvalid-offsetof -mmacosx-version-min=10.10 -g -Wno-sign-conversion -I/Users/yanai/Desktop/Connection/xcode/CMakeFiles/CMakeTmp/Debug/include -I/Users/yanai/Desktop/Connection/xcode/CMakeFiles/CMakeTmp/CMAKE_TRY_COMPILE.build/Debug/cmTC_318af.build/DerivedSources/x86_64 -I/Users/yanai/Desktop/Connection/xcode/CMakeFiles/CMakeTmp/CMAKE_TRY_COMPILE.build/Debug/cmTC_318af.build/DerivedSources -Wmost -Wno-four-char-constants -Wno-unknown-pragmas -F/Users/yanai/Desktop/Connection/xcode/CMakeFiles/CMakeTmp/Debug -std=c++14 -MMD -MT dependencies -MF /Users/yanai/Desktop/Connection/xcode/CMakeFiles/CMakeTmp/CMAKE_TRY_COMPILE.build/Debug/cmTC_318af.build/Objects-normal/x86_64/feature_tests.d --serialize-diagnostics /Users/yanai/Desktop/Connection/xcode/CMakeFiles/CMakeTmp/CMAKE_TRY_COMPILE.build/Debug/cmTC_318af.build/Objects-normal/x86_64/feature_tests.dia -c /Users/yanai/Desktop/Connection/xcode/CMakeFiles/feature_tests.cxx -o /Users/yanai/Desktop/Connection/xcode/CMakeFiles/CMakeTmp/CMAKE_TRY_COMPILE.build/Debug/cmTC_318af.build/Objects-normal/x86_64/feature_tests.o

Ld Debug/cmTC_318af normal x86_64
    cd /Users/yanai/Desktop/Connection/xcode/CMakeFiles/CMakeTmp
    export MACOSX_DEPLOYMENT_TARGET=10.10
    /Applications/Xcode.app/Contents/Developer/Toolchains/XcodeDefault.xctoolchain/usr/bin/clang++ -arch x86_64 -isysroot /Applications/Xcode.app/Contents/Developer/Platforms/MacOSX.platform/Developer/SDKs/MacOSX10.11.sdk -L/Users/yanai/Desktop/Connection/xcode/CMakeFiles/CMakeTmp/Debug -F/Users/yanai/Desktop/Connection/xcode/CMakeFiles/CMakeTmp/Debug -filelist /Users/yanai/Desktop/Connection/xcode/CMakeFiles/CMakeTmp/CMAKE_TRY_COMPILE.build/Debug/cmTC_318af.build/Objects-normal/x86_64/cmTC_318af.LinkFileList -mmacosx-version-min=10.10 -Wl,-search_paths_first -Wl,-headerpad_max_install_names -Xlinker -dependency_info -Xlinker /Users/yanai/Desktop/Connection/xcode/CMakeFiles/CMakeTmp/CMAKE_TRY_COMPILE.build/Debug/cmTC_318af.build/Objects-normal/x86_64/cmTC_318af_dependency_info.dat -o /Users/yanai/Desktop/Connection/xcode/CMakeFiles/CMakeTmp/Debug/cmTC_318af

** BUILD SUCCEEDED **



    Feature record: CXX_FEATURE:1cxx_aggregate_default_initializers
    Feature record: CXX_FEATURE:1cxx_alias_templates
    Feature record: CXX_FEATURE:1cxx_alignas
    Feature record: CXX_FEATURE:1cxx_alignof
    Feature record: CXX_FEATURE:1cxx_attributes
    Feature record: CXX_FEATURE:1cxx_attribute_deprecated
    Feature record: CXX_FEATURE:1cxx_auto_type
    Feature record: CXX_FEATURE:1cxx_binary_literals
    Feature record: CXX_FEATURE:1cxx_constexpr
    Feature record: CXX_FEATURE:1cxx_contextual_conversions
    Feature record: CXX_FEATURE:1cxx_decltype
    Feature record: CXX_FEATURE:1cxx_decltype_auto
    Feature record: CXX_FEATURE:1cxx_decltype_incomplete_return_types
    Feature record: CXX_FEATURE:1cxx_default_function_template_args
    Feature record: CXX_FEATURE:1cxx_defaulted_functions
    Feature record: CXX_FEATURE:1cxx_defaulted_move_initializers
    Feature record: CXX_FEATURE:1cxx_delegating_constructors
    Feature record: CXX_FEATURE:1cxx_deleted_functions
    Feature record: CXX_FEATURE:1cxx_digit_separators
    Feature record: CXX_FEATURE:1cxx_enum_forward_declarations
    Feature record: CXX_FEATURE:1cxx_explicit_conversions
    Feature record: CXX_FEATURE:1cxx_extended_friend_declarations
    Feature record: CXX_FEATURE:1cxx_extern_templates
    Feature record: CXX_FEATURE:1cxx_final
    Feature record: CXX_FEATURE:1cxx_func_identifier
    Feature record: CXX_FEATURE:1cxx_generalized_initializers
    Feature record: CXX_FEATURE:1cxx_generic_lambdas
    Feature record: CXX_FEATURE:1cxx_inheriting_constructors
    Feature record: CXX_FEATURE:1cxx_inline_namespaces
    Feature record: CXX_FEATURE:1cxx_lambdas
    Feature record: CXX_FEATURE:1cxx_lambda_init_captures
    Feature record: CXX_FEATURE:1cxx_local_type_template_args
    Feature record: CXX_FEATURE:1cxx_long_long_type
    Feature record: CXX_FEATURE:1cxx_noexcept
    Feature record: CXX_FEATURE:1cxx_nonstatic_member_init
    Feature record: CXX_FEATURE:1cxx_nullptr
    Feature record: CXX_FEATURE:1cxx_override
    Feature record: CXX_FEATURE:1cxx_range_for
    Feature record: CXX_FEATURE:1cxx_raw_string_literals
    Feature record: CXX_FEATURE:1cxx_reference_qualified_functions
    Feature record: CXX_FEATURE:1cxx_relaxed_constexpr
    Feature record: CXX_FEATURE:1cxx_return_type_deduction
    Feature record: CXX_FEATURE:1cxx_right_angle_brackets
    Feature record: CXX_FEATURE:1cxx_rvalue_references
    Feature record: CXX_FEATURE:1cxx_sizeof_member
    Feature record: CXX_FEATURE:1cxx_static_assert
    Feature record: CXX_FEATURE:1cxx_strong_enums
    Feature record: CXX_FEATURE:1cxx_template_template_parameters
    Feature record: CXX_FEATURE:0cxx_thread_local
    Feature record: CXX_FEATURE:1cxx_trailing_return_types
    Feature record: CXX_FEATURE:1cxx_unicode_literals
    Feature record: CXX_FEATURE:1cxx_uniform_initialization
    Feature record: CXX_FEATURE:1cxx_unrestricted_unions
    Feature record: CXX_FEATURE:1cxx_user_literals
    Feature record: CXX_FEATURE:1cxx_variable_templates
    Feature record: CXX_FEATURE:1cxx_variadic_macros
    Feature record: CXX_FEATURE:1cxx_variadic_templates


Detecting CXX [-std=c++11] compiler features compiled with the following output:
Change Dir: /Users/yanai/Desktop/Connection/xcode/CMakeFiles/CMakeTmp

Run Build Command:"/usr/bin/xcodebuild" "-project" "CMAKE_TRY_COMPILE.xcodeproj" "build" "-target" "cmTC_685f1" "-configuration" "Debug"
2016-03-24 08:13:53.272 xcodebuild[11215:755006] [MT] PluginLoading: Required plug-in compatibility UUID F41BD31E-2683-44B8-AE7F-5F09E919790E for plug-in at path '~/Library/Application Support/Developer/Shared/Xcode/Plug-ins/UncrustifyPlugin.xcplugin' not present in DVTPlugInCompatibilityUUIDs
2016-03-24 08:13:53.273 xcodebuild[11215:755006] Failed to load plugin at: /Users/yanai/Library/Application Support/Developer/Shared/Xcode/Plug-ins/UncrustifyPlugin.xcplugin, skipping.  Reason for failure: *** -[__NSPlaceholderDictionary initWithObjects:forKeys:count:]: attempt to insert nil object from objects[0]
=== BUILD TARGET cmTC_685f1 OF PROJECT CMAKE_TRY_COMPILE WITH CONFIGURATION Debug ===

Check dependencies

Write auxiliary files
/bin/mkdir -p /Users/yanai/Desktop/Connection/xcode/CMakeFiles/CMakeTmp/CMAKE_TRY_COMPILE.build/Debug/cmTC_685f1.build/Objects-normal/x86_64
write-file /Users/yanai/Desktop/Connection/xcode/CMakeFiles/CMakeTmp/CMAKE_TRY_COMPILE.build/Debug/cmTC_685f1.build/Objects-normal/x86_64/cmTC_685f1.LinkFileList

CompileC CMAKE_TRY_COMPILE.build/Debug/cmTC_685f1.build/Objects-normal/x86_64/feature_tests.o /Users/yanai/Desktop/Connection/xcode/CMakeFiles/feature_tests.cxx normal x86_64 c++ com.apple.compilers.llvm.clang.1_0.compiler
    cd /Users/yanai/Desktop/Connection/xcode/CMakeFiles/CMakeTmp
    export LANG=en_US.US-ASCII
    /Applications/Xcode.app/Contents/Developer/Toolchains/XcodeDefault.xctoolchain/usr/bin/clang -x c++ -arch x86_64 -fmessage-length=0 -fdiagnostics-show-note-include-stack -fmacro-backtrace-limit=0 -Wno-trigraphs -fpascal-strings -O0 -Wno-missing-field-initializers -Wno-missing-prototypes -Wno-return-type -Wno-non-virtual-dtor -Wno-overloaded-virtual -Wno-exit-time-destructors -Wno-missing-braces -Wparentheses -Wswitch -Wno-unused-function -Wno-unused-label -Wno-unused-parameter -Wno-unused-variable -Wunused-value -Wno-empty-body -Wno-uninitialized -Wno-unknown-pragmas -Wno-shadow -Wno-four-char-constants -Wno-conversion -Wno-constant-conversion -Wno-int-conversion -Wno-bool-conversion -Wno-enum-conversion -Wno-shorten-64-to-32 -Wno-newline-eof -Wno-c++11-extensions -DCMAKE_INTDIR=\"Debug\" -isysroot /Applications/Xcode.app/Contents/Developer/Platforms/MacOSX.platform/Developer/SDKs/MacOSX10.11.sdk -fasm-blocks -fstrict-aliasing -Wdeprecated-declarations -Winvalid-offsetof -mmacosx-version-min=10.10 -g -Wno-sign-conversion -I/Users/yanai/Desktop/Connection/xcode/CMakeFiles/CMakeTmp/Debug/include -I/Users/yanai/Desktop/Connection/xcode/CMakeFiles/CMakeTmp/CMAKE_TRY_COMPILE.build/Debug/cmTC_685f1.build/DerivedSources/x86_64 -I/Users/yanai/Desktop/Connection/xcode/CMakeFiles/CMakeTmp/CMAKE_TRY_COMPILE.build/Debug/cmTC_685f1.build/DerivedSources -Wmost -Wno-four-char-constants -Wno-unknown-pragmas -F/Users/yanai/Desktop/Connection/xcode/CMakeFiles/CMakeTmp/Debug -std=c++11 -MMD -MT dependencies -MF /Users/yanai/Desktop/Connection/xcode/CMakeFiles/CMakeTmp/CMAKE_TRY_COMPILE.build/Debug/cmTC_685f1.build/Objects-normal/x86_64/feature_tests.d --serialize-diagnostics /Users/yanai/Desktop/Connection/xcode/CMakeFiles/CMakeTmp/CMAKE_TRY_COMPILE.build/Debug/cmTC_685f1.build/Objects-normal/x86_64/feature_tests.dia -c /Users/yanai/Desktop/Connection/xcode/CMakeFiles/feature_tests.cxx -o /Users/yanai/Desktop/Connection/xcode/CMakeFiles/CMakeTmp/CMAKE_TRY_COMPILE.build/Debug/cmTC_685f1.build/Objects-normal/x86_64/feature_tests.o

Ld Debug/cmTC_685f1 normal x86_64
    cd /Users/yanai/Desktop/Connection/xcode/CMakeFiles/CMakeTmp
    export MACOSX_DEPLOYMENT_TARGET=10.10
    /Applications/Xcode.app/Contents/Developer/Toolchains/XcodeDefault.xctoolchain/usr/bin/clang++ -arch x86_64 -isysroot /Applications/Xcode.app/Contents/Developer/Platforms/MacOSX.platform/Developer/SDKs/MacOSX10.11.sdk -L/Users/yanai/Desktop/Connection/xcode/CMakeFiles/CMakeTmp/Debug -F/Users/yanai/Desktop/Connection/xcode/CMakeFiles/CMakeTmp/Debug -filelist /Users/yanai/Desktop/Connection/xcode/CMakeFiles/CMakeTmp/CMAKE_TRY_COMPILE.build/Debug/cmTC_685f1.build/Objects-normal/x86_64/cmTC_685f1.LinkFileList -mmacosx-version-min=10.10 -Wl,-search_paths_first -Wl,-headerpad_max_install_names -Xlinker -dependency_info -Xlinker /Users/yanai/Desktop/Connection/xcode/CMakeFiles/CMakeTmp/CMAKE_TRY_COMPILE.build/Debug/cmTC_685f1.build/Objects-normal/x86_64/cmTC_685f1_dependency_info.dat -o /Users/yanai/Desktop/Connection/xcode/CMakeFiles/CMakeTmp/Debug/cmTC_685f1

** BUILD SUCCEEDED **



    Feature record: CXX_FEATURE:0cxx_aggregate_default_initializers
    Feature record: CXX_FEATURE:1cxx_alias_templates
    Feature record: CXX_FEATURE:1cxx_alignas
    Feature record: CXX_FEATURE:1cxx_alignof
    Feature record: CXX_FEATURE:1cxx_attributes
    Feature record: CXX_FEATURE:0cxx_attribute_deprecated
    Feature record: CXX_FEATURE:1cxx_auto_type
    Feature record: CXX_FEATURE:0cxx_binary_literals
    Feature record: CXX_FEATURE:1cxx_constexpr
    Feature record: CXX_FEATURE:0cxx_contextual_conversions
    Feature record: CXX_FEATURE:1cxx_decltype
    Feature record: CXX_FEATURE:0cxx_decltype_auto
    Feature record: CXX_FEATURE:1cxx_decltype_incomplete_return_types
    Feature record: CXX_FEATURE:1cxx_default_function_template_args
    Feature record: CXX_FEATURE:1cxx_defaulted_functions
    Feature record: CXX_FEATURE:1cxx_defaulted_move_initializers
    Feature record: CXX_FEATURE:1cxx_delegating_constructors
    Feature record: CXX_FEATURE:1cxx_deleted_functions
    Feature record: CXX_FEATURE:0cxx_digit_separators
    Feature record: CXX_FEATURE:1cxx_enum_forward_declarations
    Feature record: CXX_FEATURE:1cxx_explicit_conversions
    Feature record: CXX_FEATURE:1cxx_extended_friend_declarations
    Feature record: CXX_FEATURE:1cxx_extern_templates
    Feature record: CXX_FEATURE:1cxx_final
    Feature record: CXX_FEATURE:1cxx_func_identifier
    Feature record: CXX_FEATURE:1cxx_generalized_initializers
    Feature record: CXX_FEATURE:0cxx_generic_lambdas
    Feature record: CXX_FEATURE:1cxx_inheriting_constructors
    Feature record: CXX_FEATURE:1cxx_inline_namespaces
    Feature record: CXX_FEATURE:1cxx_lambdas
    Feature record: CXX_FEATURE:0cxx_lambda_init_captures
    Feature record: CXX_FEATURE:1cxx_local_type_template_args
    Feature record: CXX_FEATURE:1cxx_long_long_type
    Feature record: CXX_FEATURE:1cxx_noexcept
    Feature record: CXX_FEATURE:1cxx_nonstatic_member_init
    Feature record: CXX_FEATURE:1cxx_nullptr
    Feature record: CXX_FEATURE:1cxx_override
    Feature record: CXX_FEATURE:1cxx_range_for
    Feature record: CXX_FEATURE:1cxx_raw_string_literals
    Feature record: CXX_FEATURE:1cxx_reference_qualified_functions
    Feature record: CXX_FEATURE:0cxx_relaxed_constexpr
    Feature record: CXX_FEATURE:0cxx_return_type_deduction
    Feature record: CXX_FEATURE:1cxx_right_angle_brackets
    Feature record: CXX_FEATURE:1cxx_rvalue_references
    Feature record: CXX_FEATURE:1cxx_sizeof_member
    Feature record: CXX_FEATURE:1cxx_static_assert
    Feature record: CXX_FEATURE:1cxx_strong_enums
    Feature record: CXX_FEATURE:1cxx_template_template_parameters
    Feature record: CXX_FEATURE:0cxx_thread_local
    Feature record: CXX_FEATURE:1cxx_trailing_return_types
    Feature record: CXX_FEATURE:1cxx_unicode_literals
    Feature record: CXX_FEATURE:1cxx_uniform_initialization
    Feature record: CXX_FEATURE:1cxx_unrestricted_unions
    Feature record: CXX_FEATURE:1cxx_user_literals
    Feature record: CXX_FEATURE:0cxx_variable_templates
    Feature record: CXX_FEATURE:1cxx_variadic_macros
    Feature record: CXX_FEATURE:1cxx_variadic_templates


Detecting CXX [-std=c++98] compiler features compiled with the following output:
Change Dir: /Users/yanai/Desktop/Connection/xcode/CMakeFiles/CMakeTmp

Run Build Command:"/usr/bin/xcodebuild" "-project" "CMAKE_TRY_COMPILE.xcodeproj" "build" "-target" "cmTC_f8f4c" "-configuration" "Debug"
2016-03-24 08:13:53.915 xcodebuild[11231:755052] [MT] PluginLoading: Required plug-in compatibility UUID F41BD31E-2683-44B8-AE7F-5F09E919790E for plug-in at path '~/Library/Application Support/Developer/Shared/Xcode/Plug-ins/UncrustifyPlugin.xcplugin' not present in DVTPlugInCompatibilityUUIDs
2016-03-24 08:13:53.916 xcodebuild[11231:755052] Failed to load plugin at: /Users/yanai/Library/Application Support/Developer/Shared/Xcode/Plug-ins/UncrustifyPlugin.xcplugin, skipping.  Reason for failure: *** -[__NSPlaceholderDictionary initWithObjects:forKeys:count:]: attempt to insert nil object from objects[0]
=== BUILD TARGET cmTC_f8f4c OF PROJECT CMAKE_TRY_COMPILE WITH CONFIGURATION Debug ===

Check dependencies

Write auxiliary files
/bin/mkdir -p /Users/yanai/Desktop/Connection/xcode/CMakeFiles/CMakeTmp/CMAKE_TRY_COMPILE.build/Debug/cmTC_f8f4c.build/Objects-normal/x86_64
write-file /Users/yanai/Desktop/Connection/xcode/CMakeFiles/CMakeTmp/CMAKE_TRY_COMPILE.build/Debug/cmTC_f8f4c.build/Objects-normal/x86_64/cmTC_f8f4c.LinkFileList

CompileC CMAKE_TRY_COMPILE.build/Debug/cmTC_f8f4c.build/Objects-normal/x86_64/feature_tests.o /Users/yanai/Desktop/Connection/xcode/CMakeFiles/feature_tests.cxx normal x86_64 c++ com.apple.compilers.llvm.clang.1_0.compiler
    cd /Users/yanai/Desktop/Connection/xcode/CMakeFiles/CMakeTmp
    export LANG=en_US.US-ASCII
    /Applications/Xcode.app/Contents/Developer/Toolchains/XcodeDefault.xctoolchain/usr/bin/clang -x c++ -arch x86_64 -fmessage-length=0 -fdiagnostics-show-note-include-stack -fmacro-backtrace-limit=0 -Wno-trigraphs -fpascal-strings -O0 -Wno-missing-field-initializers -Wno-missing-prototypes -Wno-return-type -Wno-non-virtual-dtor -Wno-overloaded-virtual -Wno-exit-time-destructors -Wno-missing-braces -Wparentheses -Wswitch -Wno-unused-function -Wno-unused-label -Wno-unused-parameter -Wno-unused-variable -Wunused-value -Wno-empty-body -Wno-uninitialized -Wno-unknown-pragmas -Wno-shadow -Wno-four-char-constants -Wno-conversion -Wno-constant-conversion -Wno-int-conversion -Wno-bool-conversion -Wno-enum-conversion -Wno-shorten-64-to-32 -Wno-newline-eof -Wno-c++11-extensions -DCMAKE_INTDIR=\"Debug\" -isysroot /Applications/Xcode.app/Contents/Developer/Platforms/MacOSX.platform/Developer/SDKs/MacOSX10.11.sdk -fasm-blocks -fstrict-aliasing -Wdeprecated-declarations -Winvalid-offsetof -mmacosx-version-min=10.10 -g -Wno-sign-conversion -I/Users/yanai/Desktop/Connection/xcode/CMakeFiles/CMakeTmp/Debug/include -I/Users/yanai/Desktop/Connection/xcode/CMakeFiles/CMakeTmp/CMAKE_TRY_COMPILE.build/Debug/cmTC_f8f4c.build/DerivedSources/x86_64 -I/Users/yanai/Desktop/Connection/xcode/CMakeFiles/CMakeTmp/CMAKE_TRY_COMPILE.build/Debug/cmTC_f8f4c.build/DerivedSources -Wmost -Wno-four-char-constants -Wno-unknown-pragmas -F/Users/yanai/Desktop/Connection/xcode/CMakeFiles/CMakeTmp/Debug -std=c++98 -MMD -MT dependencies -MF /Users/yanai/Desktop/Connection/xcode/CMakeFiles/CMakeTmp/CMAKE_TRY_COMPILE.build/Debug/cmTC_f8f4c.build/Objects-normal/x86_64/feature_tests.d --serialize-diagnostics /Users/yanai/Desktop/Connection/xcode/CMakeFiles/CMakeTmp/CMAKE_TRY_COMPILE.build/Debug/cmTC_f8f4c.build/Objects-normal/x86_64/feature_tests.dia -c /Users/yanai/Desktop/Connection/xcode/CMakeFiles/feature_tests.cxx -o /Users/yanai/Desktop/Connection/xcode/CMakeFiles/CMakeTmp/CMAKE_TRY_COMPILE.build/Debug/cmTC_f8f4c.build/Objects-normal/x86_64/feature_tests.o

Ld Debug/cmTC_f8f4c normal x86_64
    cd /Users/yanai/Desktop/Connection/xcode/CMakeFiles/CMakeTmp
    export MACOSX_DEPLOYMENT_TARGET=10.10
    /Applications/Xcode.app/Contents/Developer/Toolchains/XcodeDefault.xctoolchain/usr/bin/clang++ -arch x86_64 -isysroot /Applications/Xcode.app/Contents/Developer/Platforms/MacOSX.platform/Developer/SDKs/MacOSX10.11.sdk -L/Users/yanai/Desktop/Connection/xcode/CMakeFiles/CMakeTmp/Debug -F/Users/yanai/Desktop/Connection/xcode/CMakeFiles/CMakeTmp/Debug -filelist /Users/yanai/Desktop/Connection/xcode/CMakeFiles/CMakeTmp/CMAKE_TRY_COMPILE.build/Debug/cmTC_f8f4c.build/Objects-normal/x86_64/cmTC_f8f4c.LinkFileList -mmacosx-version-min=10.10 -Wl,-search_paths_first -Wl,-headerpad_max_install_names -Xlinker -dependency_info -Xlinker /Users/yanai/Desktop/Connection/xcode/CMakeFiles/CMakeTmp/CMAKE_TRY_COMPILE.build/Debug/cmTC_f8f4c.build/Objects-normal/x86_64/cmTC_f8f4c_dependency_info.dat -o /Users/yanai/Desktop/Connection/xcode/CMakeFiles/CMakeTmp/Debug/cmTC_f8f4c

** BUILD SUCCEEDED **



    Feature record: CXX_FEATURE:0cxx_aggregate_default_initializers
    Feature record: CXX_FEATURE:0cxx_alias_templates
    Feature record: CXX_FEATURE:0cxx_alignas
    Feature record: CXX_FEATURE:0cxx_alignof
    Feature record: CXX_FEATURE:0cxx_attributes
    Feature record: CXX_FEATURE:0cxx_attribute_deprecated
    Feature record: CXX_FEATURE:0cxx_auto_type
    Feature record: CXX_FEATURE:0cxx_binary_literals
    Feature record: CXX_FEATURE:0cxx_constexpr
    Feature record: CXX_FEATURE:0cxx_contextual_conversions
    Feature record: CXX_FEATURE:0cxx_decltype
    Feature record: CXX_FEATURE:0cxx_decltype_auto
    Feature record: CXX_FEATURE:0cxx_decltype_incomplete_return_types
    Feature record: CXX_FEATURE:0cxx_default_function_template_args
    Feature record: CXX_FEATURE:0cxx_defaulted_functions
    Feature record: CXX_FEATURE:0cxx_defaulted_move_initializers
    Feature record: CXX_FEATURE:0cxx_delegating_constructors
    Feature record: CXX_FEATURE:0cxx_deleted_functions
    Feature record: CXX_FEATURE:0cxx_digit_separators
    Feature record: CXX_FEATURE:0cxx_enum_forward_declarations
    Feature record: CXX_FEATURE:0cxx_explicit_conversions
    Feature record: CXX_FEATURE:0cxx_extended_friend_declarations
    Feature record: CXX_FEATURE:0cxx_extern_templates
    Feature record: CXX_FEATURE:0cxx_final
    Feature record: CXX_FEATURE:0cxx_func_identifier
    Feature record: CXX_FEATURE:0cxx_generalized_initializers
    Feature record: CXX_FEATURE:0cxx_generic_lambdas
    Feature record: CXX_FEATURE:0cxx_inheriting_constructors
    Feature record: CXX_FEATURE:0cxx_inline_namespaces
    Feature record: CXX_FEATURE:0cxx_lambdas
    Feature record: CXX_FEATURE:0cxx_lambda_init_captures
    Feature record: CXX_FEATURE:0cxx_local_type_template_args
    Feature record: CXX_FEATURE:0cxx_long_long_type
    Feature record: CXX_FEATURE:0cxx_noexcept
    Feature record: CXX_FEATURE:0cxx_nonstatic_member_init
    Feature record: CXX_FEATURE:0cxx_nullptr
    Feature record: CXX_FEATURE:0cxx_override
    Feature record: CXX_FEATURE:0cxx_range_for
    Feature record: CXX_FEATURE:0cxx_raw_string_literals
    Feature record: CXX_FEATURE:0cxx_reference_qualified_functions
    Feature record: CXX_FEATURE:0cxx_relaxed_constexpr
    Feature record: CXX_FEATURE:0cxx_return_type_deduction
    Feature record: CXX_FEATURE:0cxx_right_angle_brackets
    Feature record: CXX_FEATURE:0cxx_rvalue_references
    Feature record: CXX_FEATURE:0cxx_sizeof_member
    Feature record: CXX_FEATURE:0cxx_static_assert
    Feature record: CXX_FEATURE:0cxx_strong_enums
    Feature record: CXX_FEATURE:1cxx_template_template_parameters
    Feature record: CXX_FEATURE:0cxx_thread_local
    Feature record: CXX_FEATURE:0cxx_trailing_return_types
    Feature record: CXX_FEATURE:0cxx_unicode_literals
    Feature record: CXX_FEATURE:0cxx_uniform_initialization
    Feature record: CXX_FEATURE:0cxx_unrestricted_unions
    Feature record: CXX_FEATURE:0cxx_user_literals
    Feature record: CXX_FEATURE:0cxx_variable_templates
    Feature record: CXX_FEATURE:0cxx_variadic_macros
    Feature record: CXX_FEATURE:0cxx_variadic_templates
